02-06-2021 21:38:15.236 [Gauge] [DEBUG] Created gauge_screenshots_dir at C:\Users\Armagan\IdeaProjects\ThyOtomasyon\.gauge\screenshots
02-06-2021 21:38:15.261 [Gauge] [DEBUG] Plugin java is already installed.
02-06-2021 21:38:15.264 [Gauge] [DEBUG] Plugin html-report is already installed.
02-06-2021 21:38:15.267 [Gauge] [DEBUG] Parsing started.
02-06-2021 21:38:15.267 [Gauge] [DEBUG] Started concepts parsing.
02-06-2021 21:38:15.272 [Gauge] [DEBUG] 8 concepts parsing completed.
02-06-2021 21:38:15.272 [Gauge] [DEBUG] Started specifications parsing.
02-06-2021 21:38:15.273 [Gauge] [DEBUG] 1 specifications parsing completed.
02-06-2021 21:38:15.274 [Gauge] [DEBUG] Parsing completed.
02-06-2021 21:38:15.287 [Gauge] [DEBUG] Staring java runner
02-06-2021 21:38:15.335 [java] [DEBUG] classpath set to C:\Program Files\Java\jdk1.8.0_291\jre\lib\charsets.jar;C:\Program Files\Java\jdk1.8.0_291\jre\lib\deploy.jar;C:\Program Files\Java\jdk1.8.0_291\jre\lib\ext\access-bridge-64.jar;C:\Program Files\Java\jdk1.8.0_291\jre\lib\ext\cldrdata.jar;C:\Program Files\Java\jdk1.8.0_291\jre\lib\ext\dnsns.jar;C:\Program Files\Java\jdk1.8.0_291\jre\lib\ext\jaccess.jar;C:\Program Files\Java\jdk1.8.0_291\jre\lib\ext\jfxrt.jar;C:\Program Files\Java\jdk1.8.0_291\jre\lib\ext\localedata.jar;C:\Program Files\Java\jdk1.8.0_291\jre\lib\ext\nashorn.jar;C:\Program Files\Java\jdk1.8.0_291\jre\lib\ext\sunec.jar;C:\Program Files\Java\jdk1.8.0_291\jre\lib\ext\sunjce_provider.jar;C:\Program Files\Java\jdk1.8.0_291\jre\lib\ext\sunmscapi.jar;C:\Program Files\Java\jdk1.8.0_291\jre\lib\ext\sunpkcs11.jar;C:\Program Files\Java\jdk1.8.0_291\jre\lib\ext\zipfs.jar;C:\Program Files\Java\jdk1.8.0_291\jre\lib\javaws.jar;C:\Program Files\Java\jdk1.8.0_291\jre\lib\jce.jar;C:\Program Files\Java\jdk1.8.0_291\jre\lib\jfr.jar;C:\Program Files\Java\jdk1.8.0_291\jre\lib\jfxswt.jar;C:\Program Files\Java\jdk1.8.0_291\jre\lib\jsse.jar;C:\Program Files\Java\jdk1.8.0_291\jre\lib\management-agent.jar;C:\Program Files\Java\jdk1.8.0_291\jre\lib\plugin.jar;C:\Program Files\Java\jdk1.8.0_291\jre\lib\resources.jar;C:\Program Files\Java\jdk1.8.0_291\jre\lib\rt.jar;C:\Users\Armagan\IdeaProjects\ThyOtomasyon\target\test-classes;C:\Users\Armagan\.m2\repository\com\jayway\jsonpath\json-path\2.5.0\json-path-2.5.0.jar;C:\Users\Armagan\.m2\repository\net\minidev\json-smart\2.3\json-smart-2.3.jar;C:\Users\Armagan\.m2\repository\net\minidev\accessors-smart\1.2\accessors-smart-1.2.jar;C:\Users\Armagan\.m2\repository\org\slf4j\slf4j-api\1.7.30\slf4j-api-1.7.30.jar;C:\Users\Armagan\.m2\repository\com\googlecode\json-simple\json-simple\1.1.1\json-simple-1.1.1.jar;C:\Users\Armagan\.m2\repository\junit\junit\4.10\junit-4.10.jar;C:\Users\Armagan\.m2\repository\org\hamcrest\hamcrest-core\1.1\hamcrest-core-1.1.jar;C:\Users\Armagan\.m2\repository\com\thoughtworks\gauge\gauge-java\0.7.2\gauge-java-0.7.2.jar;C:\Users\Armagan\.m2\repository\com\github\javaparser\javaparser-core\2.5.1\javaparser-core-2.5.1.jar;C:\Users\Armagan\.m2\repository\commons-io\commons-io\2.6\commons-io-2.6.jar;C:\Users\Armagan\.m2\repository\commons-lang\commons-lang\2.6\commons-lang-2.6.jar;C:\Users\Armagan\.m2\repository\com\google\protobuf\protobuf-java\3.7.0\protobuf-java-3.7.0.jar;C:\Users\Armagan\.m2\repository\com\google\guava\guava\24.0-jre\guava-24.0-jre.jar;C:\Users\Armagan\.m2\repository\com\google\code\findbugs\jsr305\1.3.9\jsr305-1.3.9.jar;C:\Users\Armagan\.m2\repository\org\checkerframework\checker-compat-qual\2.0.0\checker-compat-qual-2.0.0.jar;C:\Users\Armagan\.m2\repository\com\google\errorprone\error_prone_annotations\2.1.3\error_prone_annotations-2.1.3.jar;C:\Users\Armagan\.m2\repository\com\google\j2objc\j2objc-annotations\1.1\j2objc-annotations-1.1.jar;C:\Users\Armagan\.m2\repository\org\codehaus\mojo\animal-sniffer-annotations\1.14\animal-sniffer-annotations-1.14.jar;C:\Users\Armagan\.m2\repository\io\grpc\grpc-netty-shaded\1.13.1\grpc-netty-shaded-1.13.1.jar;C:\Users\Armagan\.m2\repository\io\grpc\grpc-core\1.13.1\grpc-core-1.13.1.jar;C:\Users\Armagan\.m2\repository\io\grpc\grpc-context\1.13.1\grpc-context-1.13.1.jar;C:\Users\Armagan\.m2\repository\io\opencensus\opencensus-api\0.12.3\opencensus-api-0.12.3.jar;C:\Users\Armagan\.m2\repository\io\opencensus\opencensus-contrib-grpc-metrics\0.12.3\opencensus-contrib-grpc-metrics-0.12.3.jar;C:\Users\Armagan\.m2\repository\io\grpc\grpc-protobuf\1.13.1\grpc-protobuf-1.13.1.jar;C:\Users\Armagan\.m2\repository\com\google\api\grpc\proto-google-common-protos\1.0.0\proto-google-common-protos-1.0.0.jar;C:\Users\Armagan\.m2\repository\io\grpc\grpc-protobuf-lite\1.13.1\grpc-protobuf-lite-1.13.1.jar;C:\Users\Armagan\.m2\repository\io\grpc\grpc-stub\1.13.1\grpc-stub-1.13.1.jar;C:\Users\Armagan\.m2\repository\javax\annotation\javax.annotation-api\1.3.2\javax.annotation-api-1.3.2.jar;C:\Users\Armagan\.m2\repository\org\assertj\assertj-core\3.10.0\assertj-core-3.10.0.jar;C:\Users\Armagan\.m2\repository\org\seleniumhq\selenium\selenium-java\3.12.0\selenium-java-3.12.0.jar;C:\Users\Armagan\.m2\repository\org\seleniumhq\selenium\selenium-api\3.12.0\selenium-api-3.12.0.jar;C:\Users\Armagan\.m2\repository\org\seleniumhq\selenium\selenium-chrome-driver\3.12.0\selenium-chrome-driver-3.12.0.jar;C:\Users\Armagan\.m2\repository\org\seleniumhq\selenium\selenium-edge-driver\3.12.0\selenium-edge-driver-3.12.0.jar;C:\Users\Armagan\.m2\repository\org\seleniumhq\selenium\selenium-firefox-driver\3.12.0\selenium-firefox-driver-3.12.0.jar;C:\Users\Armagan\.m2\repository\org\seleniumhq\selenium\selenium-ie-driver\3.12.0\selenium-ie-driver-3.12.0.jar;C:\Users\Armagan\.m2\repository\org\seleniumhq\selenium\selenium-opera-driver\3.12.0\selenium-opera-driver-3.12.0.jar;C:\Users\Armagan\.m2\repository\org\seleniumhq\selenium\selenium-remote-driver\3.12.0\selenium-remote-driver-3.12.0.jar;C:\Users\Armagan\.m2\repository\org\seleniumhq\selenium\selenium-safari-driver\3.12.0\selenium-safari-driver-3.12.0.jar;C:\Users\Armagan\.m2\repository\org\seleniumhq\selenium\selenium-support\3.12.0\selenium-support-3.12.0.jar;C:\Users\Armagan\.m2\repository\net\bytebuddy\byte-buddy\1.8.3\byte-buddy-1.8.3.jar;C:\Users\Armagan\.m2\repository\org\apache\commons\commons-exec\1.3\commons-exec-1.3.jar;C:\Users\Armagan\.m2\repository\commons-codec\commons-codec\1.10\commons-codec-1.10.jar;C:\Users\Armagan\.m2\repository\commons-logging\commons-logging\1.2\commons-logging-1.2.jar;C:\Users\Armagan\.m2\repository\com\google\code\gson\gson\2.8.2\gson-2.8.2.jar;C:\Users\Armagan\.m2\repository\org\apache\httpcomponents\httpclient\4.5.3\httpclient-4.5.3.jar;C:\Users\Armagan\.m2\repository\org\apache\httpcomponents\httpcore\4.4.6\httpcore-4.4.6.jar;C:\Users\Armagan\.m2\repository\com\squareup\okhttp3\okhttp\3.9.1\okhttp-3.9.1.jar;C:\Users\Armagan\.m2\repository\com\squareup\okio\okio\1.13.0\okio-1.13.0.jar;C:\Users\Armagan\.m2\repository\io\github\bonigarcia\webdrivermanager\3.7.1\webdrivermanager-3.7.1.jar;C:\Users\Armagan\.m2\repository\org\apache\commons\commons-lang3\3.8.1\commons-lang3-3.8.1.jar;C:\Users\Armagan\.m2\repository\org\rauschig\jarchivelib\1.0.0\jarchivelib-1.0.0.jar;C:\Users\Armagan\.m2\repository\org\apache\commons\commons-compress\1.18\commons-compress-1.18.jar;C:\Users\Armagan\.m2\repository\org\jsoup\jsoup\1.11.3\jsoup-1.11.3.jar;C:\Users\Armagan\.m2\repository\io\appium\java-client\3.4.1\java-client-3.4.1.jar;C:\Users\Armagan\.m2\repository\cglib\cglib\3.2.1\cglib-3.2.1.jar;C:\Users\Armagan\.m2\repository\org\ow2\asm\asm\5.0.3\asm-5.0.3.jar;C:\Users\Armagan\.m2\repository\org\apache\ant\ant\1.9.4\ant-1.9.4.jar;C:\Users\Armagan\.m2\repository\org\apache\ant\ant-launcher\1.9.4\ant-launcher-1.9.4.jar;C:\Users\Armagan\.m2\repository\commons-validator\commons-validator\1.5.0\commons-validator-1.5.0.jar;C:\Users\Armagan\.m2\repository\commons-beanutils\commons-beanutils\1.9.2\commons-beanutils-1.9.2.jar;C:\Users\Armagan\.m2\repository\commons-digester\commons-digester\1.8.1\commons-digester-1.8.1.jar;C:\Users\Armagan\.m2\repository\commons-collections\commons-collections\3.2.2\commons-collections-3.2.2.jar;C:\Users\Armagan\.m2\repository\org\reflections\reflections\0.9.10\reflections-0.9.10.jar;C:\Users\Armagan\.m2\repository\org\javassist\javassist\3.19.0-GA\javassist-3.19.0-GA.jar;C:\Users\Armagan\.m2\repository\com\google\code\findbugs\annotations\2.0.1\annotations-2.0.1.jar
02-06-2021 21:38:16.181 [Gauge] [DEBUG] Established connection to runner.
02-06-2021 21:38:16.181 [Gauge] [DEBUG] Validation started.
02-06-2021 21:38:16.522 [Gauge] [DEBUG] Checking updates...
02-06-2021 21:38:16.524 [Gauge] [DEBUG] Downloading https://downloads.gauge.org/plugin/html-report?l=java&p=html-report,java,screenshot,spectacle,xml-report&o=windows&a=amd64
02-06-2021 21:38:17.191 [Gauge] [DEBUG] Downloading https://downloads.gauge.org/plugin/java?l=java&p=html-report,java,screenshot,spectacle,xml-report&o=windows&a=amd64
02-06-2021 21:38:17.408 [Gauge] [DEBUG] Downloading https://downloads.gauge.org/plugin/screenshot?l=java&p=html-report,java,screenshot,spectacle,xml-report&o=windows&a=amd64
02-06-2021 21:38:17.658 [Gauge] [DEBUG] Downloading https://downloads.gauge.org/plugin/spectacle?l=java&p=html-report,java,screenshot,spectacle,xml-report&o=windows&a=amd64
02-06-2021 21:38:17.889 [Gauge] [DEBUG] Downloading https://downloads.gauge.org/plugin/xml-report?l=java&p=html-report,java,screenshot,spectacle,xml-report&o=windows&a=amd64
02-06-2021 21:38:20.413 [Gauge] [DEBUG] Api Request Received: messageType:GetStepValueRequest messageId:4 stepValueRequest:<stepText:"Cookie onayla" > 
02-06-2021 21:38:20.413 [Gauge] [DEBUG] Sending API response: messageType:GetStepValueResponse messageId:4 stepValueResponse:<stepValue:<stepValue:"Cookie onayla" parameterizedStepValue:"Cookie onayla" > > 
02-06-2021 21:38:20.428 [Gauge] [DEBUG] Api Request Received: messageType:GetStepValueRequest messageId:4 stepValueRequest:<stepText:"Devam et" > 
02-06-2021 21:38:20.428 [Gauge] [DEBUG] Sending API response: messageType:GetStepValueResponse messageId:4 stepValueResponse:<stepValue:<stepValue:"Devam et" parameterizedStepValue:"Devam et" > > 
02-06-2021 21:38:20.429 [Gauge] [DEBUG] Api Request Received: messageType:GetStepValueRequest messageId:4 stepValueRequest:<stepText:"<value>From se\303\247" > 
02-06-2021 21:38:20.429 [Gauge] [DEBUG] Sending API response: messageType:GetStepValueResponse messageId:4 stepValueResponse:<stepValue:<stepValue:"{}From se\303\247" parameterizedStepValue:"<value>From se\303\247" parameters:"value" > > 
02-06-2021 21:38:20.430 [Gauge] [DEBUG] Api Request Received: messageType:GetStepValueRequest messageId:4 stepValueRequest:<stepText:"<value>To se\303\247" > 
02-06-2021 21:38:20.431 [Gauge] [DEBUG] Sending API response: messageType:GetStepValueResponse messageId:4 stepValueResponse:<stepValue:<stepValue:"{}To se\303\247" parameterizedStepValue:"<value>To se\303\247" parameters:"value" > > 
02-06-2021 21:38:20.431 [Gauge] [DEBUG] Api Request Received: messageType:GetStepValueRequest messageId:4 stepValueRequest:<stepText:"Tarih ayarla" > 
02-06-2021 21:38:20.431 [Gauge] [DEBUG] Sending API response: messageType:GetStepValueResponse messageId:4 stepValueResponse:<stepValue:<stepValue:"Tarih ayarla" parameterizedStepValue:"Tarih ayarla" > > 
02-06-2021 21:38:20.432 [Gauge] [DEBUG] Api Request Received: messageType:GetStepValueRequest messageId:4 stepValueRequest:<stepText:"<seconds> saniye bekle" > 
02-06-2021 21:38:20.432 [Gauge] [DEBUG] Sending API response: messageType:GetStepValueResponse messageId:4 stepValueResponse:<stepValue:<stepValue:"{} saniye bekle" parameterizedStepValue:"<seconds> saniye bekle" parameters:"seconds" > > 
02-06-2021 21:38:20.433 [Gauge] [DEBUG] Api Request Received: messageType:GetStepValueRequest messageId:4 stepValueRequest:<stepText:"buttona t\304\261kla" > 
02-06-2021 21:38:20.433 [Gauge] [DEBUG] Sending API response: messageType:GetStepValueResponse messageId:4 stepValueResponse:<stepValue:<stepValue:"buttona t\304\261kla" parameterizedStepValue:"buttona t\304\261kla" > > 
02-06-2021 21:38:20.433 [Gauge] [DEBUG] Api Request Received: messageType:GetStepValueRequest messageId:4 stepValueRequest:<stepText:"ekonomik clas se\303\247" > 
02-06-2021 21:38:20.433 [Gauge] [DEBUG] Sending API response: messageType:GetStepValueResponse messageId:4 stepValueResponse:<stepValue:<stepValue:"ekonomik clas se\303\247" parameterizedStepValue:"ekonomik clas se\303\247" > > 
02-06-2021 21:38:20.435 [Gauge] [DEBUG] Api Request Received: messageType:GetStepValueRequest messageId:4 stepValueRequest:<stepText:"Tek Y\303\266n Se\303\247" > 
02-06-2021 21:38:20.435 [Gauge] [DEBUG] Sending API response: messageType:GetStepValueResponse messageId:4 stepValueResponse:<stepValue:<stepValue:"Tek Y\303\266n Se\303\247" parameterizedStepValue:"Tek Y\303\266n Se\303\247" > > 
02-06-2021 21:38:20.436 [Gauge] [DEBUG] Api Request Received: messageType:GetStepValueRequest messageId:4 stepValueRequest:<stepText:"Ki\305\237i sayisi ayarla" > 
02-06-2021 21:38:20.436 [Gauge] [DEBUG] Sending API response: messageType:GetStepValueResponse messageId:4 stepValueResponse:<stepValue:<stepValue:"Ki\305\237i sayisi ayarla" parameterizedStepValue:"Ki\305\237i sayisi ayarla" > > 
02-06-2021 21:38:20.436 [Gauge] [DEBUG] Api Request Received: messageType:GetStepValueRequest messageId:4 stepValueRequest:<stepText:"U\303\247u\305\237 ara" > 
02-06-2021 21:38:20.436 [Gauge] [DEBUG] Sending API response: messageType:GetStepValueResponse messageId:4 stepValueResponse:<stepValue:<stepValue:"U\303\247u\305\237 ara" parameterizedStepValue:"U\303\247u\305\237 ara" > > 
02-06-2021 21:38:20.436 [Gauge] [DEBUG] Api Request Received: messageType:GetStepValueRequest messageId:4 stepValueRequest:<stepText:"U\303\247u\305\237 se\303\247" > 
02-06-2021 21:38:20.436 [Gauge] [DEBUG] Sending API response: messageType:GetStepValueResponse messageId:4 stepValueResponse:<stepValue:<stepValue:"U\303\247u\305\237 se\303\247" parameterizedStepValue:"U\303\247u\305\237 se\303\247" > > 
02-06-2021 21:38:20.436 [Gauge] [DEBUG] Api Request Received: messageType:GetStepValueRequest messageId:4 stepValueRequest:<stepText:"Lokasyon onayla" > 
02-06-2021 21:38:20.436 [Gauge] [DEBUG] Sending API response: messageType:GetStepValueResponse messageId:4 stepValueResponse:<stepValue:<stepValue:"Lokasyon onayla" parameterizedStepValue:"Lokasyon onayla" > > 
02-06-2021 21:38:25.755 [Gauge] [DEBUG] Validation completed.
02-06-2021 21:38:25.756 [Gauge] [DEBUG] Run started
02-06-2021 21:38:25.758 [Gauge] [DEBUG] Starting Html Report plugin
02-06-2021 21:38:26.947 [Gauge] [DEBUG] Attempting to connect to grpc server at port: 54636
02-06-2021 21:38:26.953 [Gauge] [DEBUG] Successfully made the connection with plugin with port: 54636
02-06-2021 21:38:26.953 [Gauge] [DEBUG] Initialising suite data store.
02-06-2021 21:39:49.770 [html-report] [DEBUG] Transformed SuiteResult to report structure
02-06-2021 21:39:50.257 [html-report] [INFO] Successfully generated html-report to => C:\Users\Armagan\IdeaProjects\ThyOtomasyon\reports\html-report\index.html
02-06-2021 21:39:50.258 [html-report] [DEBUG] Done generating HTML report using theme from C:\Users\Armagan\AppData\Roaming\gauge\plugins\html-report\4.0.9\themes\default
02-06-2021 21:39:50.258 [Gauge] [DEBUG] Sending kill message to Html Report plugin.
02-06-2021 21:39:50.292 [Gauge] [DEBUG] Sending kill message to runner.
02-06-2021 21:39:50.449 [Gauge] [INFO] Closing connection [127.0.0.1:54631] cause: read tcp 127.0.0.1:54626->127.0.0.1:54631: wsarecv: Varolan bir bağlantı uzaktaki bir ana bilgisayar tarafından zorla kapatıldı.
02-06-2021 21:39:50.701 [Gauge] [DEBUG] Runner with PID:12312 has exited
02-06-2021 21:39:50.702 [Gauge] [INFO] Specifications:	1 executed	1 passed	0 failed	0 skipped
02-06-2021 21:39:50.703 [Gauge] [INFO] Scenarios:	1 executed	1 passed	0 failed	0 skipped
02-06-2021 21:39:50.703 [Gauge] [INFO] 
Total time taken: 1m23.998s
02-06-2021 21:39:50.716 [Gauge] [INFO] Updates are available. Run `gauge update -c` for more info.
02-06-2021 21:47:22.431 [Gauge] [DEBUG] Created gauge_screenshots_dir at C:\Users\Armagan\IdeaProjects\ThyOtomasyon\.gauge\screenshots
02-06-2021 21:47:22.438 [Gauge] [DEBUG] Plugin html-report is already installed.
02-06-2021 21:47:22.440 [Gauge] [DEBUG] Plugin java is already installed.
02-06-2021 21:47:22.441 [Gauge] [DEBUG] Parsing started.
02-06-2021 21:47:22.441 [Gauge] [DEBUG] Started concepts parsing.
02-06-2021 21:47:22.450 [Gauge] [DEBUG] 8 concepts parsing completed.
02-06-2021 21:47:22.452 [Gauge] [DEBUG] Started specifications parsing.
02-06-2021 21:47:22.454 [Gauge] [DEBUG] 1 specifications parsing completed.
02-06-2021 21:47:22.454 [Gauge] [DEBUG] Parsing completed.
02-06-2021 21:47:22.458 [Gauge] [DEBUG] Staring java runner
02-06-2021 21:47:22.486 [java] [DEBUG] classpath set to C:\Program Files\Java\jdk1.8.0_291\jre\lib\charsets.jar;C:\Program Files\Java\jdk1.8.0_291\jre\lib\deploy.jar;C:\Program Files\Java\jdk1.8.0_291\jre\lib\ext\access-bridge-64.jar;C:\Program Files\Java\jdk1.8.0_291\jre\lib\ext\cldrdata.jar;C:\Program Files\Java\jdk1.8.0_291\jre\lib\ext\dnsns.jar;C:\Program Files\Java\jdk1.8.0_291\jre\lib\ext\jaccess.jar;C:\Program Files\Java\jdk1.8.0_291\jre\lib\ext\jfxrt.jar;C:\Program Files\Java\jdk1.8.0_291\jre\lib\ext\localedata.jar;C:\Program Files\Java\jdk1.8.0_291\jre\lib\ext\nashorn.jar;C:\Program Files\Java\jdk1.8.0_291\jre\lib\ext\sunec.jar;C:\Program Files\Java\jdk1.8.0_291\jre\lib\ext\sunjce_provider.jar;C:\Program Files\Java\jdk1.8.0_291\jre\lib\ext\sunmscapi.jar;C:\Program Files\Java\jdk1.8.0_291\jre\lib\ext\sunpkcs11.jar;C:\Program Files\Java\jdk1.8.0_291\jre\lib\ext\zipfs.jar;C:\Program Files\Java\jdk1.8.0_291\jre\lib\javaws.jar;C:\Program Files\Java\jdk1.8.0_291\jre\lib\jce.jar;C:\Program Files\Java\jdk1.8.0_291\jre\lib\jfr.jar;C:\Program Files\Java\jdk1.8.0_291\jre\lib\jfxswt.jar;C:\Program Files\Java\jdk1.8.0_291\jre\lib\jsse.jar;C:\Program Files\Java\jdk1.8.0_291\jre\lib\management-agent.jar;C:\Program Files\Java\jdk1.8.0_291\jre\lib\plugin.jar;C:\Program Files\Java\jdk1.8.0_291\jre\lib\resources.jar;C:\Program Files\Java\jdk1.8.0_291\jre\lib\rt.jar;C:\Users\Armagan\IdeaProjects\ThyOtomasyon\target\test-classes;C:\Users\Armagan\.m2\repository\com\jayway\jsonpath\json-path\2.5.0\json-path-2.5.0.jar;C:\Users\Armagan\.m2\repository\net\minidev\json-smart\2.3\json-smart-2.3.jar;C:\Users\Armagan\.m2\repository\net\minidev\accessors-smart\1.2\accessors-smart-1.2.jar;C:\Users\Armagan\.m2\repository\org\slf4j\slf4j-api\1.7.30\slf4j-api-1.7.30.jar;C:\Users\Armagan\.m2\repository\com\googlecode\json-simple\json-simple\1.1.1\json-simple-1.1.1.jar;C:\Users\Armagan\.m2\repository\junit\junit\4.10\junit-4.10.jar;C:\Users\Armagan\.m2\repository\org\hamcrest\hamcrest-core\1.1\hamcrest-core-1.1.jar;C:\Users\Armagan\.m2\repository\com\thoughtworks\gauge\gauge-java\0.7.2\gauge-java-0.7.2.jar;C:\Users\Armagan\.m2\repository\com\github\javaparser\javaparser-core\2.5.1\javaparser-core-2.5.1.jar;C:\Users\Armagan\.m2\repository\commons-io\commons-io\2.6\commons-io-2.6.jar;C:\Users\Armagan\.m2\repository\commons-lang\commons-lang\2.6\commons-lang-2.6.jar;C:\Users\Armagan\.m2\repository\com\google\protobuf\protobuf-java\3.7.0\protobuf-java-3.7.0.jar;C:\Users\Armagan\.m2\repository\com\google\guava\guava\24.0-jre\guava-24.0-jre.jar;C:\Users\Armagan\.m2\repository\com\google\code\findbugs\jsr305\1.3.9\jsr305-1.3.9.jar;C:\Users\Armagan\.m2\repository\org\checkerframework\checker-compat-qual\2.0.0\checker-compat-qual-2.0.0.jar;C:\Users\Armagan\.m2\repository\com\google\errorprone\error_prone_annotations\2.1.3\error_prone_annotations-2.1.3.jar;C:\Users\Armagan\.m2\repository\com\google\j2objc\j2objc-annotations\1.1\j2objc-annotations-1.1.jar;C:\Users\Armagan\.m2\repository\org\codehaus\mojo\animal-sniffer-annotations\1.14\animal-sniffer-annotations-1.14.jar;C:\Users\Armagan\.m2\repository\io\grpc\grpc-netty-shaded\1.13.1\grpc-netty-shaded-1.13.1.jar;C:\Users\Armagan\.m2\repository\io\grpc\grpc-core\1.13.1\grpc-core-1.13.1.jar;C:\Users\Armagan\.m2\repository\io\grpc\grpc-context\1.13.1\grpc-context-1.13.1.jar;C:\Users\Armagan\.m2\repository\io\opencensus\opencensus-api\0.12.3\opencensus-api-0.12.3.jar;C:\Users\Armagan\.m2\repository\io\opencensus\opencensus-contrib-grpc-metrics\0.12.3\opencensus-contrib-grpc-metrics-0.12.3.jar;C:\Users\Armagan\.m2\repository\io\grpc\grpc-protobuf\1.13.1\grpc-protobuf-1.13.1.jar;C:\Users\Armagan\.m2\repository\com\google\api\grpc\proto-google-common-protos\1.0.0\proto-google-common-protos-1.0.0.jar;C:\Users\Armagan\.m2\repository\io\grpc\grpc-protobuf-lite\1.13.1\grpc-protobuf-lite-1.13.1.jar;C:\Users\Armagan\.m2\repository\io\grpc\grpc-stub\1.13.1\grpc-stub-1.13.1.jar;C:\Users\Armagan\.m2\repository\javax\annotation\javax.annotation-api\1.3.2\javax.annotation-api-1.3.2.jar;C:\Users\Armagan\.m2\repository\org\assertj\assertj-core\3.10.0\assertj-core-3.10.0.jar;C:\Users\Armagan\.m2\repository\org\seleniumhq\selenium\selenium-java\3.12.0\selenium-java-3.12.0.jar;C:\Users\Armagan\.m2\repository\org\seleniumhq\selenium\selenium-api\3.12.0\selenium-api-3.12.0.jar;C:\Users\Armagan\.m2\repository\org\seleniumhq\selenium\selenium-chrome-driver\3.12.0\selenium-chrome-driver-3.12.0.jar;C:\Users\Armagan\.m2\repository\org\seleniumhq\selenium\selenium-edge-driver\3.12.0\selenium-edge-driver-3.12.0.jar;C:\Users\Armagan\.m2\repository\org\seleniumhq\selenium\selenium-firefox-driver\3.12.0\selenium-firefox-driver-3.12.0.jar;C:\Users\Armagan\.m2\repository\org\seleniumhq\selenium\selenium-ie-driver\3.12.0\selenium-ie-driver-3.12.0.jar;C:\Users\Armagan\.m2\repository\org\seleniumhq\selenium\selenium-opera-driver\3.12.0\selenium-opera-driver-3.12.0.jar;C:\Users\Armagan\.m2\repository\org\seleniumhq\selenium\selenium-remote-driver\3.12.0\selenium-remote-driver-3.12.0.jar;C:\Users\Armagan\.m2\repository\org\seleniumhq\selenium\selenium-safari-driver\3.12.0\selenium-safari-driver-3.12.0.jar;C:\Users\Armagan\.m2\repository\org\seleniumhq\selenium\selenium-support\3.12.0\selenium-support-3.12.0.jar;C:\Users\Armagan\.m2\repository\net\bytebuddy\byte-buddy\1.8.3\byte-buddy-1.8.3.jar;C:\Users\Armagan\.m2\repository\org\apache\commons\commons-exec\1.3\commons-exec-1.3.jar;C:\Users\Armagan\.m2\repository\commons-codec\commons-codec\1.10\commons-codec-1.10.jar;C:\Users\Armagan\.m2\repository\commons-logging\commons-logging\1.2\commons-logging-1.2.jar;C:\Users\Armagan\.m2\repository\com\google\code\gson\gson\2.8.2\gson-2.8.2.jar;C:\Users\Armagan\.m2\repository\org\apache\httpcomponents\httpclient\4.5.3\httpclient-4.5.3.jar;C:\Users\Armagan\.m2\repository\org\apache\httpcomponents\httpcore\4.4.6\httpcore-4.4.6.jar;C:\Users\Armagan\.m2\repository\com\squareup\okhttp3\okhttp\3.9.1\okhttp-3.9.1.jar;C:\Users\Armagan\.m2\repository\com\squareup\okio\okio\1.13.0\okio-1.13.0.jar;C:\Users\Armagan\.m2\repository\io\github\bonigarcia\webdrivermanager\3.7.1\webdrivermanager-3.7.1.jar;C:\Users\Armagan\.m2\repository\org\apache\commons\commons-lang3\3.8.1\commons-lang3-3.8.1.jar;C:\Users\Armagan\.m2\repository\org\rauschig\jarchivelib\1.0.0\jarchivelib-1.0.0.jar;C:\Users\Armagan\.m2\repository\org\apache\commons\commons-compress\1.18\commons-compress-1.18.jar;C:\Users\Armagan\.m2\repository\org\jsoup\jsoup\1.11.3\jsoup-1.11.3.jar;C:\Users\Armagan\.m2\repository\io\appium\java-client\3.4.1\java-client-3.4.1.jar;C:\Users\Armagan\.m2\repository\cglib\cglib\3.2.1\cglib-3.2.1.jar;C:\Users\Armagan\.m2\repository\org\ow2\asm\asm\5.0.3\asm-5.0.3.jar;C:\Users\Armagan\.m2\repository\org\apache\ant\ant\1.9.4\ant-1.9.4.jar;C:\Users\Armagan\.m2\repository\org\apache\ant\ant-launcher\1.9.4\ant-launcher-1.9.4.jar;C:\Users\Armagan\.m2\repository\commons-validator\commons-validator\1.5.0\commons-validator-1.5.0.jar;C:\Users\Armagan\.m2\repository\commons-beanutils\commons-beanutils\1.9.2\commons-beanutils-1.9.2.jar;C:\Users\Armagan\.m2\repository\commons-digester\commons-digester\1.8.1\commons-digester-1.8.1.jar;C:\Users\Armagan\.m2\repository\commons-collections\commons-collections\3.2.2\commons-collections-3.2.2.jar;C:\Users\Armagan\.m2\repository\org\reflections\reflections\0.9.10\reflections-0.9.10.jar;C:\Users\Armagan\.m2\repository\org\javassist\javassist\3.19.0-GA\javassist-3.19.0-GA.jar;C:\Users\Armagan\.m2\repository\com\google\code\findbugs\annotations\2.0.1\annotations-2.0.1.jar
02-06-2021 21:47:22.778 [Gauge] [DEBUG] Established connection to runner.
02-06-2021 21:47:22.778 [Gauge] [DEBUG] Validation started.
02-06-2021 21:47:22.915 [Gauge] [DEBUG] Checking updates...
02-06-2021 21:47:22.916 [Gauge] [DEBUG] Downloading https://downloads.gauge.org/plugin/html-report?l=java&p=html-report,java,screenshot,spectacle,xml-report&o=windows&a=amd64
02-06-2021 21:47:24.060 [Gauge] [DEBUG] Downloading https://downloads.gauge.org/plugin/java?l=java&p=html-report,java,screenshot,spectacle,xml-report&o=windows&a=amd64
02-06-2021 21:47:24.271 [Gauge] [DEBUG] Downloading https://downloads.gauge.org/plugin/screenshot?l=java&p=html-report,java,screenshot,spectacle,xml-report&o=windows&a=amd64
02-06-2021 21:47:24.484 [Gauge] [DEBUG] Downloading https://downloads.gauge.org/plugin/spectacle?l=java&p=html-report,java,screenshot,spectacle,xml-report&o=windows&a=amd64
02-06-2021 21:47:24.729 [Gauge] [DEBUG] Downloading https://downloads.gauge.org/plugin/xml-report?l=java&p=html-report,java,screenshot,spectacle,xml-report&o=windows&a=amd64
02-06-2021 21:47:26.947 [Gauge] [DEBUG] Api Request Received: messageType:GetStepValueRequest messageId:4 stepValueRequest:<stepText:"Cookie onayla" > 
02-06-2021 21:47:26.947 [Gauge] [DEBUG] Sending API response: messageType:GetStepValueResponse messageId:4 stepValueResponse:<stepValue:<stepValue:"Cookie onayla" parameterizedStepValue:"Cookie onayla" > > 
02-06-2021 21:47:26.965 [Gauge] [DEBUG] Api Request Received: messageType:GetStepValueRequest messageId:4 stepValueRequest:<stepText:"Devam et" > 
02-06-2021 21:47:26.965 [Gauge] [DEBUG] Sending API response: messageType:GetStepValueResponse messageId:4 stepValueResponse:<stepValue:<stepValue:"Devam et" parameterizedStepValue:"Devam et" > > 
02-06-2021 21:47:26.965 [Gauge] [DEBUG] Api Request Received: messageType:GetStepValueRequest messageId:4 stepValueRequest:<stepText:"<value>From se\303\247" > 
02-06-2021 21:47:26.965 [Gauge] [DEBUG] Sending API response: messageType:GetStepValueResponse messageId:4 stepValueResponse:<stepValue:<stepValue:"{}From se\303\247" parameterizedStepValue:"<value>From se\303\247" parameters:"value" > > 
02-06-2021 21:47:26.968 [Gauge] [DEBUG] Api Request Received: messageType:GetStepValueRequest messageId:4 stepValueRequest:<stepText:"<value>To se\303\247" > 
02-06-2021 21:47:26.968 [Gauge] [DEBUG] Sending API response: messageType:GetStepValueResponse messageId:4 stepValueResponse:<stepValue:<stepValue:"{}To se\303\247" parameterizedStepValue:"<value>To se\303\247" parameters:"value" > > 
02-06-2021 21:47:26.968 [Gauge] [DEBUG] Api Request Received: messageType:GetStepValueRequest messageId:4 stepValueRequest:<stepText:"Tarih ayarla" > 
02-06-2021 21:47:26.968 [Gauge] [DEBUG] Sending API response: messageType:GetStepValueResponse messageId:4 stepValueResponse:<stepValue:<stepValue:"Tarih ayarla" parameterizedStepValue:"Tarih ayarla" > > 
02-06-2021 21:47:26.969 [Gauge] [DEBUG] Api Request Received: messageType:GetStepValueRequest messageId:4 stepValueRequest:<stepText:"<seconds> saniye bekle" > 
02-06-2021 21:47:26.969 [Gauge] [DEBUG] Sending API response: messageType:GetStepValueResponse messageId:4 stepValueResponse:<stepValue:<stepValue:"{} saniye bekle" parameterizedStepValue:"<seconds> saniye bekle" parameters:"seconds" > > 
02-06-2021 21:47:26.970 [Gauge] [DEBUG] Api Request Received: messageType:GetStepValueRequest messageId:4 stepValueRequest:<stepText:"buttona t\304\261kla" > 
02-06-2021 21:47:26.970 [Gauge] [DEBUG] Sending API response: messageType:GetStepValueResponse messageId:4 stepValueResponse:<stepValue:<stepValue:"buttona t\304\261kla" parameterizedStepValue:"buttona t\304\261kla" > > 
02-06-2021 21:47:26.971 [Gauge] [DEBUG] Api Request Received: messageType:GetStepValueRequest messageId:4 stepValueRequest:<stepText:"ekonomik clas se\303\247" > 
02-06-2021 21:47:26.971 [Gauge] [DEBUG] Sending API response: messageType:GetStepValueResponse messageId:4 stepValueResponse:<stepValue:<stepValue:"ekonomik clas se\303\247" parameterizedStepValue:"ekonomik clas se\303\247" > > 
02-06-2021 21:47:26.971 [Gauge] [DEBUG] Api Request Received: messageType:GetStepValueRequest messageId:4 stepValueRequest:<stepText:"Tek Y\303\266n Se\303\247" > 
02-06-2021 21:47:26.971 [Gauge] [DEBUG] Sending API response: messageType:GetStepValueResponse messageId:4 stepValueResponse:<stepValue:<stepValue:"Tek Y\303\266n Se\303\247" parameterizedStepValue:"Tek Y\303\266n Se\303\247" > > 
02-06-2021 21:47:26.972 [Gauge] [DEBUG] Api Request Received: messageType:GetStepValueRequest messageId:4 stepValueRequest:<stepText:"Ki\305\237i sayisi ayarla" > 
02-06-2021 21:47:26.972 [Gauge] [DEBUG] Sending API response: messageType:GetStepValueResponse messageId:4 stepValueResponse:<stepValue:<stepValue:"Ki\305\237i sayisi ayarla" parameterizedStepValue:"Ki\305\237i sayisi ayarla" > > 
02-06-2021 21:47:26.972 [Gauge] [DEBUG] Api Request Received: messageType:GetStepValueRequest messageId:4 stepValueRequest:<stepText:"U\303\247u\305\237 ara" > 
02-06-2021 21:47:26.972 [Gauge] [DEBUG] Sending API response: messageType:GetStepValueResponse messageId:4 stepValueResponse:<stepValue:<stepValue:"U\303\247u\305\237 ara" parameterizedStepValue:"U\303\247u\305\237 ara" > > 
02-06-2021 21:47:26.973 [Gauge] [DEBUG] Api Request Received: messageType:GetStepValueRequest messageId:4 stepValueRequest:<stepText:"U\303\247u\305\237 se\303\247" > 
02-06-2021 21:47:26.973 [Gauge] [DEBUG] Sending API response: messageType:GetStepValueResponse messageId:4 stepValueResponse:<stepValue:<stepValue:"U\303\247u\305\237 se\303\247" parameterizedStepValue:"U\303\247u\305\237 se\303\247" > > 
02-06-2021 21:47:26.973 [Gauge] [DEBUG] Api Request Received: messageType:GetStepValueRequest messageId:4 stepValueRequest:<stepText:"Lokasyon onayla" > 
02-06-2021 21:47:26.973 [Gauge] [DEBUG] Sending API response: messageType:GetStepValueResponse messageId:4 stepValueResponse:<stepValue:<stepValue:"Lokasyon onayla" parameterizedStepValue:"Lokasyon onayla" > > 
02-06-2021 21:47:29.211 [Gauge] [DEBUG] Validation completed.
02-06-2021 21:47:29.212 [Gauge] [DEBUG] Run started
02-06-2021 21:47:29.215 [Gauge] [DEBUG] Starting Html Report plugin
02-06-2021 21:47:29.240 [Gauge] [DEBUG] Attempting to connect to grpc server at port: 54953
02-06-2021 21:47:29.244 [Gauge] [DEBUG] Successfully made the connection with plugin with port: 54953
02-06-2021 21:47:29.244 [Gauge] [DEBUG] Initialising suite data store.
02-06-2021 21:48:51.685 [html-report] [DEBUG] Transformed SuiteResult to report structure
02-06-2021 21:48:51.791 [html-report] [INFO] Successfully generated html-report to => C:\Users\Armagan\IdeaProjects\ThyOtomasyon\reports\html-report\index.html
02-06-2021 21:48:51.791 [html-report] [DEBUG] Done generating HTML report using theme from C:\Users\Armagan\AppData\Roaming\gauge\plugins\html-report\4.0.9\themes\default
02-06-2021 21:48:51.792 [Gauge] [DEBUG] Sending kill message to Html Report plugin.
02-06-2021 21:48:51.794 [Gauge] [DEBUG] Sending kill message to runner.
02-06-2021 21:48:51.867 [Gauge] [INFO] Closing connection [127.0.0.1:54947] cause: read tcp 127.0.0.1:54940->127.0.0.1:54947: wsarecv: Varolan bir bağlantı uzaktaki bir ana bilgisayar tarafından zorla kapatıldı.
02-06-2021 21:48:51.997 [Gauge] [DEBUG] Runner with PID:12592 has exited
02-06-2021 21:48:52.000 [Gauge] [INFO] Specifications:	1 executed	1 passed	0 failed	0 skipped
02-06-2021 21:48:52.000 [Gauge] [INFO] Scenarios:	1 executed	1 passed	0 failed	0 skipped
02-06-2021 21:48:52.000 [Gauge] [INFO] 
Total time taken: 1m22.462s
02-06-2021 21:48:52.007 [Gauge] [INFO] Updates are available. Run `gauge update -c` for more info.
02-06-2021 22:44:59.908 [Gauge] [DEBUG] Created gauge_screenshots_dir at C:\Users\Armagan\IdeaProjects\ThyOtomasyon\.gauge\screenshots
02-06-2021 22:44:59.916 [Gauge] [DEBUG] Plugin java is already installed.
02-06-2021 22:44:59.917 [Gauge] [DEBUG] Plugin html-report is already installed.
02-06-2021 22:44:59.918 [Gauge] [DEBUG] Parsing started.
02-06-2021 22:44:59.918 [Gauge] [DEBUG] Started concepts parsing.
02-06-2021 22:44:59.927 [Gauge] [DEBUG] 8 concepts parsing completed.
02-06-2021 22:44:59.927 [Gauge] [DEBUG] Started specifications parsing.
02-06-2021 22:44:59.928 [Gauge] [DEBUG] 1 specifications parsing completed.
02-06-2021 22:44:59.928 [Gauge] [DEBUG] Parsing completed.
02-06-2021 22:44:59.932 [Gauge] [DEBUG] Staring java runner
02-06-2021 22:44:59.955 [java] [DEBUG] classpath set to C:\Program Files\Java\jdk1.8.0_291\jre\lib\charsets.jar;C:\Program Files\Java\jdk1.8.0_291\jre\lib\deploy.jar;C:\Program Files\Java\jdk1.8.0_291\jre\lib\ext\access-bridge-64.jar;C:\Program Files\Java\jdk1.8.0_291\jre\lib\ext\cldrdata.jar;C:\Program Files\Java\jdk1.8.0_291\jre\lib\ext\dnsns.jar;C:\Program Files\Java\jdk1.8.0_291\jre\lib\ext\jaccess.jar;C:\Program Files\Java\jdk1.8.0_291\jre\lib\ext\jfxrt.jar;C:\Program Files\Java\jdk1.8.0_291\jre\lib\ext\localedata.jar;C:\Program Files\Java\jdk1.8.0_291\jre\lib\ext\nashorn.jar;C:\Program Files\Java\jdk1.8.0_291\jre\lib\ext\sunec.jar;C:\Program Files\Java\jdk1.8.0_291\jre\lib\ext\sunjce_provider.jar;C:\Program Files\Java\jdk1.8.0_291\jre\lib\ext\sunmscapi.jar;C:\Program Files\Java\jdk1.8.0_291\jre\lib\ext\sunpkcs11.jar;C:\Program Files\Java\jdk1.8.0_291\jre\lib\ext\zipfs.jar;C:\Program Files\Java\jdk1.8.0_291\jre\lib\javaws.jar;C:\Program Files\Java\jdk1.8.0_291\jre\lib\jce.jar;C:\Program Files\Java\jdk1.8.0_291\jre\lib\jfr.jar;C:\Program Files\Java\jdk1.8.0_291\jre\lib\jfxswt.jar;C:\Program Files\Java\jdk1.8.0_291\jre\lib\jsse.jar;C:\Program Files\Java\jdk1.8.0_291\jre\lib\management-agent.jar;C:\Program Files\Java\jdk1.8.0_291\jre\lib\plugin.jar;C:\Program Files\Java\jdk1.8.0_291\jre\lib\resources.jar;C:\Program Files\Java\jdk1.8.0_291\jre\lib\rt.jar;C:\Users\Armagan\IdeaProjects\ThyOtomasyon\target\test-classes;C:\Users\Armagan\.m2\repository\com\jayway\jsonpath\json-path\2.5.0\json-path-2.5.0.jar;C:\Users\Armagan\.m2\repository\net\minidev\json-smart\2.3\json-smart-2.3.jar;C:\Users\Armagan\.m2\repository\net\minidev\accessors-smart\1.2\accessors-smart-1.2.jar;C:\Users\Armagan\.m2\repository\org\slf4j\slf4j-api\1.7.30\slf4j-api-1.7.30.jar;C:\Users\Armagan\.m2\repository\com\googlecode\json-simple\json-simple\1.1.1\json-simple-1.1.1.jar;C:\Users\Armagan\.m2\repository\junit\junit\4.10\junit-4.10.jar;C:\Users\Armagan\.m2\repository\org\hamcrest\hamcrest-core\1.1\hamcrest-core-1.1.jar;C:\Users\Armagan\.m2\repository\com\thoughtworks\gauge\gauge-java\0.7.2\gauge-java-0.7.2.jar;C:\Users\Armagan\.m2\repository\com\github\javaparser\javaparser-core\2.5.1\javaparser-core-2.5.1.jar;C:\Users\Armagan\.m2\repository\commons-io\commons-io\2.6\commons-io-2.6.jar;C:\Users\Armagan\.m2\repository\commons-lang\commons-lang\2.6\commons-lang-2.6.jar;C:\Users\Armagan\.m2\repository\com\google\protobuf\protobuf-java\3.7.0\protobuf-java-3.7.0.jar;C:\Users\Armagan\.m2\repository\com\google\guava\guava\24.0-jre\guava-24.0-jre.jar;C:\Users\Armagan\.m2\repository\com\google\code\findbugs\jsr305\1.3.9\jsr305-1.3.9.jar;C:\Users\Armagan\.m2\repository\org\checkerframework\checker-compat-qual\2.0.0\checker-compat-qual-2.0.0.jar;C:\Users\Armagan\.m2\repository\com\google\errorprone\error_prone_annotations\2.1.3\error_prone_annotations-2.1.3.jar;C:\Users\Armagan\.m2\repository\com\google\j2objc\j2objc-annotations\1.1\j2objc-annotations-1.1.jar;C:\Users\Armagan\.m2\repository\org\codehaus\mojo\animal-sniffer-annotations\1.14\animal-sniffer-annotations-1.14.jar;C:\Users\Armagan\.m2\repository\io\grpc\grpc-netty-shaded\1.13.1\grpc-netty-shaded-1.13.1.jar;C:\Users\Armagan\.m2\repository\io\grpc\grpc-core\1.13.1\grpc-core-1.13.1.jar;C:\Users\Armagan\.m2\repository\io\grpc\grpc-context\1.13.1\grpc-context-1.13.1.jar;C:\Users\Armagan\.m2\repository\io\opencensus\opencensus-api\0.12.3\opencensus-api-0.12.3.jar;C:\Users\Armagan\.m2\repository\io\opencensus\opencensus-contrib-grpc-metrics\0.12.3\opencensus-contrib-grpc-metrics-0.12.3.jar;C:\Users\Armagan\.m2\repository\io\grpc\grpc-protobuf\1.13.1\grpc-protobuf-1.13.1.jar;C:\Users\Armagan\.m2\repository\com\google\api\grpc\proto-google-common-protos\1.0.0\proto-google-common-protos-1.0.0.jar;C:\Users\Armagan\.m2\repository\io\grpc\grpc-protobuf-lite\1.13.1\grpc-protobuf-lite-1.13.1.jar;C:\Users\Armagan\.m2\repository\io\grpc\grpc-stub\1.13.1\grpc-stub-1.13.1.jar;C:\Users\Armagan\.m2\repository\javax\annotation\javax.annotation-api\1.3.2\javax.annotation-api-1.3.2.jar;C:\Users\Armagan\.m2\repository\org\assertj\assertj-core\3.10.0\assertj-core-3.10.0.jar;C:\Users\Armagan\.m2\repository\org\seleniumhq\selenium\selenium-java\3.12.0\selenium-java-3.12.0.jar;C:\Users\Armagan\.m2\repository\org\seleniumhq\selenium\selenium-api\3.12.0\selenium-api-3.12.0.jar;C:\Users\Armagan\.m2\repository\org\seleniumhq\selenium\selenium-chrome-driver\3.12.0\selenium-chrome-driver-3.12.0.jar;C:\Users\Armagan\.m2\repository\org\seleniumhq\selenium\selenium-edge-driver\3.12.0\selenium-edge-driver-3.12.0.jar;C:\Users\Armagan\.m2\repository\org\seleniumhq\selenium\selenium-firefox-driver\3.12.0\selenium-firefox-driver-3.12.0.jar;C:\Users\Armagan\.m2\repository\org\seleniumhq\selenium\selenium-ie-driver\3.12.0\selenium-ie-driver-3.12.0.jar;C:\Users\Armagan\.m2\repository\org\seleniumhq\selenium\selenium-opera-driver\3.12.0\selenium-opera-driver-3.12.0.jar;C:\Users\Armagan\.m2\repository\org\seleniumhq\selenium\selenium-remote-driver\3.12.0\selenium-remote-driver-3.12.0.jar;C:\Users\Armagan\.m2\repository\org\seleniumhq\selenium\selenium-safari-driver\3.12.0\selenium-safari-driver-3.12.0.jar;C:\Users\Armagan\.m2\repository\org\seleniumhq\selenium\selenium-support\3.12.0\selenium-support-3.12.0.jar;C:\Users\Armagan\.m2\repository\net\bytebuddy\byte-buddy\1.8.3\byte-buddy-1.8.3.jar;C:\Users\Armagan\.m2\repository\org\apache\commons\commons-exec\1.3\commons-exec-1.3.jar;C:\Users\Armagan\.m2\repository\commons-codec\commons-codec\1.10\commons-codec-1.10.jar;C:\Users\Armagan\.m2\repository\commons-logging\commons-logging\1.2\commons-logging-1.2.jar;C:\Users\Armagan\.m2\repository\com\google\code\gson\gson\2.8.2\gson-2.8.2.jar;C:\Users\Armagan\.m2\repository\org\apache\httpcomponents\httpclient\4.5.3\httpclient-4.5.3.jar;C:\Users\Armagan\.m2\repository\org\apache\httpcomponents\httpcore\4.4.6\httpcore-4.4.6.jar;C:\Users\Armagan\.m2\repository\com\squareup\okhttp3\okhttp\3.9.1\okhttp-3.9.1.jar;C:\Users\Armagan\.m2\repository\com\squareup\okio\okio\1.13.0\okio-1.13.0.jar;C:\Users\Armagan\.m2\repository\io\github\bonigarcia\webdrivermanager\3.7.1\webdrivermanager-3.7.1.jar;C:\Users\Armagan\.m2\repository\org\apache\commons\commons-lang3\3.8.1\commons-lang3-3.8.1.jar;C:\Users\Armagan\.m2\repository\org\rauschig\jarchivelib\1.0.0\jarchivelib-1.0.0.jar;C:\Users\Armagan\.m2\repository\org\apache\commons\commons-compress\1.18\commons-compress-1.18.jar;C:\Users\Armagan\.m2\repository\org\jsoup\jsoup\1.11.3\jsoup-1.11.3.jar;C:\Users\Armagan\.m2\repository\io\appium\java-client\3.4.1\java-client-3.4.1.jar;C:\Users\Armagan\.m2\repository\cglib\cglib\3.2.1\cglib-3.2.1.jar;C:\Users\Armagan\.m2\repository\org\ow2\asm\asm\5.0.3\asm-5.0.3.jar;C:\Users\Armagan\.m2\repository\org\apache\ant\ant\1.9.4\ant-1.9.4.jar;C:\Users\Armagan\.m2\repository\org\apache\ant\ant-launcher\1.9.4\ant-launcher-1.9.4.jar;C:\Users\Armagan\.m2\repository\commons-validator\commons-validator\1.5.0\commons-validator-1.5.0.jar;C:\Users\Armagan\.m2\repository\commons-beanutils\commons-beanutils\1.9.2\commons-beanutils-1.9.2.jar;C:\Users\Armagan\.m2\repository\commons-digester\commons-digester\1.8.1\commons-digester-1.8.1.jar;C:\Users\Armagan\.m2\repository\commons-collections\commons-collections\3.2.2\commons-collections-3.2.2.jar;C:\Users\Armagan\.m2\repository\org\reflections\reflections\0.9.10\reflections-0.9.10.jar;C:\Users\Armagan\.m2\repository\org\javassist\javassist\3.19.0-GA\javassist-3.19.0-GA.jar;C:\Users\Armagan\.m2\repository\com\google\code\findbugs\annotations\2.0.1\annotations-2.0.1.jar
02-06-2021 22:45:00.247 [Gauge] [DEBUG] Established connection to runner.
02-06-2021 22:45:00.247 [Gauge] [DEBUG] Validation started.
02-06-2021 22:45:00.813 [Gauge] [DEBUG] Checking updates...
02-06-2021 22:45:00.839 [Gauge] [DEBUG] Downloading https://downloads.gauge.org/plugin/html-report?l=java&p=html-report,java,screenshot,spectacle,xml-report&o=windows&a=amd64
02-06-2021 22:45:01.515 [Gauge] [DEBUG] Downloading https://downloads.gauge.org/plugin/java?l=java&p=html-report,java,screenshot,spectacle,xml-report&o=windows&a=amd64
02-06-2021 22:45:01.720 [Gauge] [DEBUG] Downloading https://downloads.gauge.org/plugin/screenshot?l=java&p=html-report,java,screenshot,spectacle,xml-report&o=windows&a=amd64
02-06-2021 22:45:01.935 [Gauge] [DEBUG] Downloading https://downloads.gauge.org/plugin/spectacle?l=java&p=html-report,java,screenshot,spectacle,xml-report&o=windows&a=amd64
02-06-2021 22:45:02.184 [Gauge] [DEBUG] Downloading https://downloads.gauge.org/plugin/xml-report?l=java&p=html-report,java,screenshot,spectacle,xml-report&o=windows&a=amd64
02-06-2021 22:45:04.585 [Gauge] [DEBUG] Api Request Received: messageType:GetStepValueRequest messageId:4 stepValueRequest:<stepText:"Cookie onayla" > 
02-06-2021 22:45:04.585 [Gauge] [DEBUG] Sending API response: messageType:GetStepValueResponse messageId:4 stepValueResponse:<stepValue:<stepValue:"Cookie onayla" parameterizedStepValue:"Cookie onayla" > > 
02-06-2021 22:45:04.598 [Gauge] [DEBUG] Api Request Received: messageType:GetStepValueRequest messageId:4 stepValueRequest:<stepText:"Devam et" > 
02-06-2021 22:45:04.598 [Gauge] [DEBUG] Sending API response: messageType:GetStepValueResponse messageId:4 stepValueResponse:<stepValue:<stepValue:"Devam et" parameterizedStepValue:"Devam et" > > 
02-06-2021 22:45:04.598 [Gauge] [DEBUG] Api Request Received: messageType:GetStepValueRequest messageId:4 stepValueRequest:<stepText:"<value>From se\303\247" > 
02-06-2021 22:45:04.598 [Gauge] [DEBUG] Sending API response: messageType:GetStepValueResponse messageId:4 stepValueResponse:<stepValue:<stepValue:"{}From se\303\247" parameterizedStepValue:"<value>From se\303\247" parameters:"value" > > 
02-06-2021 22:45:04.599 [Gauge] [DEBUG] Api Request Received: messageType:GetStepValueRequest messageId:4 stepValueRequest:<stepText:"<value>To se\303\247" > 
02-06-2021 22:45:04.599 [Gauge] [DEBUG] Sending API response: messageType:GetStepValueResponse messageId:4 stepValueResponse:<stepValue:<stepValue:"{}To se\303\247" parameterizedStepValue:"<value>To se\303\247" parameters:"value" > > 
02-06-2021 22:45:04.600 [Gauge] [DEBUG] Api Request Received: messageType:GetStepValueRequest messageId:4 stepValueRequest:<stepText:"Tarih ayarla" > 
02-06-2021 22:45:04.600 [Gauge] [DEBUG] Sending API response: messageType:GetStepValueResponse messageId:4 stepValueResponse:<stepValue:<stepValue:"Tarih ayarla" parameterizedStepValue:"Tarih ayarla" > > 
02-06-2021 22:45:04.600 [Gauge] [DEBUG] Api Request Received: messageType:GetStepValueRequest messageId:4 stepValueRequest:<stepText:"<seconds> saniye bekle" > 
02-06-2021 22:45:04.600 [Gauge] [DEBUG] Sending API response: messageType:GetStepValueResponse messageId:4 stepValueResponse:<stepValue:<stepValue:"{} saniye bekle" parameterizedStepValue:"<seconds> saniye bekle" parameters:"seconds" > > 
02-06-2021 22:45:04.600 [Gauge] [DEBUG] Api Request Received: messageType:GetStepValueRequest messageId:4 stepValueRequest:<stepText:"buttona t\304\261kla" > 
02-06-2021 22:45:04.600 [Gauge] [DEBUG] Sending API response: messageType:GetStepValueResponse messageId:4 stepValueResponse:<stepValue:<stepValue:"buttona t\304\261kla" parameterizedStepValue:"buttona t\304\261kla" > > 
02-06-2021 22:45:04.600 [Gauge] [DEBUG] Api Request Received: messageType:GetStepValueRequest messageId:4 stepValueRequest:<stepText:"ekonomik clas se\303\247" > 
02-06-2021 22:45:04.602 [Gauge] [DEBUG] Sending API response: messageType:GetStepValueResponse messageId:4 stepValueResponse:<stepValue:<stepValue:"ekonomik clas se\303\247" parameterizedStepValue:"ekonomik clas se\303\247" > > 
02-06-2021 22:45:04.602 [Gauge] [DEBUG] Api Request Received: messageType:GetStepValueRequest messageId:4 stepValueRequest:<stepText:"Tek Y\303\266n Se\303\247" > 
02-06-2021 22:45:04.602 [Gauge] [DEBUG] Sending API response: messageType:GetStepValueResponse messageId:4 stepValueResponse:<stepValue:<stepValue:"Tek Y\303\266n Se\303\247" parameterizedStepValue:"Tek Y\303\266n Se\303\247" > > 
02-06-2021 22:45:04.602 [Gauge] [DEBUG] Api Request Received: messageType:GetStepValueRequest messageId:4 stepValueRequest:<stepText:"Ki\305\237i sayisi ayarla" > 
02-06-2021 22:45:04.603 [Gauge] [DEBUG] Sending API response: messageType:GetStepValueResponse messageId:4 stepValueResponse:<stepValue:<stepValue:"Ki\305\237i sayisi ayarla" parameterizedStepValue:"Ki\305\237i sayisi ayarla" > > 
02-06-2021 22:45:04.603 [Gauge] [DEBUG] Api Request Received: messageType:GetStepValueRequest messageId:4 stepValueRequest:<stepText:"U\303\247u\305\237 ara" > 
02-06-2021 22:45:04.603 [Gauge] [DEBUG] Sending API response: messageType:GetStepValueResponse messageId:4 stepValueResponse:<stepValue:<stepValue:"U\303\247u\305\237 ara" parameterizedStepValue:"U\303\247u\305\237 ara" > > 
02-06-2021 22:45:04.603 [Gauge] [DEBUG] Api Request Received: messageType:GetStepValueRequest messageId:4 stepValueRequest:<stepText:"U\303\247u\305\237 se\303\247" > 
02-06-2021 22:45:04.603 [Gauge] [DEBUG] Sending API response: messageType:GetStepValueResponse messageId:4 stepValueResponse:<stepValue:<stepValue:"U\303\247u\305\237 se\303\247" parameterizedStepValue:"U\303\247u\305\237 se\303\247" > > 
02-06-2021 22:45:04.603 [Gauge] [DEBUG] Api Request Received: messageType:GetStepValueRequest messageId:4 stepValueRequest:<stepText:"Lokasyon onayla" > 
02-06-2021 22:45:04.604 [Gauge] [DEBUG] Sending API response: messageType:GetStepValueResponse messageId:4 stepValueResponse:<stepValue:<stepValue:"Lokasyon onayla" parameterizedStepValue:"Lokasyon onayla" > > 
02-06-2021 22:45:07.857 [Gauge] [DEBUG] Validation completed.
02-06-2021 22:45:07.859 [Gauge] [DEBUG] Run started
02-06-2021 22:45:07.860 [Gauge] [DEBUG] Starting Html Report plugin
02-06-2021 22:45:07.887 [Gauge] [DEBUG] Attempting to connect to grpc server at port: 56473
02-06-2021 22:45:07.891 [Gauge] [DEBUG] Successfully made the connection with plugin with port: 56473
02-06-2021 22:45:07.891 [Gauge] [DEBUG] Initialising suite data store.
02-06-2021 22:46:29.545 [html-report] [DEBUG] Transformed SuiteResult to report structure
02-06-2021 22:46:29.602 [html-report] [INFO] Successfully generated html-report to => C:\Users\Armagan\IdeaProjects\ThyOtomasyon\reports\html-report\index.html
02-06-2021 22:46:29.602 [html-report] [DEBUG] Done generating HTML report using theme from C:\Users\Armagan\AppData\Roaming\gauge\plugins\html-report\4.0.9\themes\default
02-06-2021 22:46:29.602 [Gauge] [DEBUG] Sending kill message to Html Report plugin.
02-06-2021 22:46:29.605 [Gauge] [DEBUG] Sending kill message to runner.
02-06-2021 22:46:29.622 [Gauge] [INFO] Closing connection [127.0.0.1:56465] cause: read tcp 127.0.0.1:56460->127.0.0.1:56465: wsarecv: Varolan bir bağlantı uzaktaki bir ana bilgisayar tarafından zorla kapatıldı.
02-06-2021 22:46:29.706 [Gauge] [DEBUG] Runner with PID:8260 has exited
02-06-2021 22:46:29.706 [Gauge] [INFO] Specifications:	1 executed	1 passed	0 failed	0 skipped
02-06-2021 22:46:29.706 [Gauge] [INFO] Scenarios:	1 executed	1 passed	0 failed	0 skipped
02-06-2021 22:46:29.706 [Gauge] [INFO] 
Total time taken: 1m21.682s
02-06-2021 22:46:29.707 [Gauge] [INFO] Updates are available. Run `gauge update -c` for more info.
02-06-2021 23:04:13.589 [Gauge] [DEBUG] Created gauge_screenshots_dir at C:\Users\Armagan\IdeaProjects\ThyOtomasyon\.gauge\screenshots
02-06-2021 23:04:13.594 [Gauge] [DEBUG] Plugin java is already installed.
02-06-2021 23:04:13.596 [Gauge] [DEBUG] Plugin html-report is already installed.
02-06-2021 23:04:13.597 [Gauge] [DEBUG] Parsing started.
02-06-2021 23:04:13.597 [Gauge] [DEBUG] Started concepts parsing.
02-06-2021 23:04:13.602 [Gauge] [DEBUG] 8 concepts parsing completed.
02-06-2021 23:04:13.603 [Gauge] [DEBUG] Started specifications parsing.
02-06-2021 23:04:13.606 [Gauge] [DEBUG] 1 specifications parsing completed.
02-06-2021 23:04:13.606 [Gauge] [DEBUG] Parsing completed.
02-06-2021 23:04:13.609 [Gauge] [DEBUG] Staring java runner
02-06-2021 23:04:13.631 [java] [DEBUG] classpath set to C:\Program Files\Java\jdk1.8.0_291\jre\lib\charsets.jar;C:\Program Files\Java\jdk1.8.0_291\jre\lib\deploy.jar;C:\Program Files\Java\jdk1.8.0_291\jre\lib\ext\access-bridge-64.jar;C:\Program Files\Java\jdk1.8.0_291\jre\lib\ext\cldrdata.jar;C:\Program Files\Java\jdk1.8.0_291\jre\lib\ext\dnsns.jar;C:\Program Files\Java\jdk1.8.0_291\jre\lib\ext\jaccess.jar;C:\Program Files\Java\jdk1.8.0_291\jre\lib\ext\jfxrt.jar;C:\Program Files\Java\jdk1.8.0_291\jre\lib\ext\localedata.jar;C:\Program Files\Java\jdk1.8.0_291\jre\lib\ext\nashorn.jar;C:\Program Files\Java\jdk1.8.0_291\jre\lib\ext\sunec.jar;C:\Program Files\Java\jdk1.8.0_291\jre\lib\ext\sunjce_provider.jar;C:\Program Files\Java\jdk1.8.0_291\jre\lib\ext\sunmscapi.jar;C:\Program Files\Java\jdk1.8.0_291\jre\lib\ext\sunpkcs11.jar;C:\Program Files\Java\jdk1.8.0_291\jre\lib\ext\zipfs.jar;C:\Program Files\Java\jdk1.8.0_291\jre\lib\javaws.jar;C:\Program Files\Java\jdk1.8.0_291\jre\lib\jce.jar;C:\Program Files\Java\jdk1.8.0_291\jre\lib\jfr.jar;C:\Program Files\Java\jdk1.8.0_291\jre\lib\jfxswt.jar;C:\Program Files\Java\jdk1.8.0_291\jre\lib\jsse.jar;C:\Program Files\Java\jdk1.8.0_291\jre\lib\management-agent.jar;C:\Program Files\Java\jdk1.8.0_291\jre\lib\plugin.jar;C:\Program Files\Java\jdk1.8.0_291\jre\lib\resources.jar;C:\Program Files\Java\jdk1.8.0_291\jre\lib\rt.jar;C:\Users\Armagan\IdeaProjects\ThyOtomasyon\target\test-classes;C:\Users\Armagan\.m2\repository\com\jayway\jsonpath\json-path\2.5.0\json-path-2.5.0.jar;C:\Users\Armagan\.m2\repository\net\minidev\json-smart\2.3\json-smart-2.3.jar;C:\Users\Armagan\.m2\repository\net\minidev\accessors-smart\1.2\accessors-smart-1.2.jar;C:\Users\Armagan\.m2\repository\org\slf4j\slf4j-api\1.7.30\slf4j-api-1.7.30.jar;C:\Users\Armagan\.m2\repository\com\googlecode\json-simple\json-simple\1.1.1\json-simple-1.1.1.jar;C:\Users\Armagan\.m2\repository\junit\junit\4.10\junit-4.10.jar;C:\Users\Armagan\.m2\repository\org\hamcrest\hamcrest-core\1.1\hamcrest-core-1.1.jar;C:\Users\Armagan\.m2\repository\com\thoughtworks\gauge\gauge-java\0.7.2\gauge-java-0.7.2.jar;C:\Users\Armagan\.m2\repository\com\github\javaparser\javaparser-core\2.5.1\javaparser-core-2.5.1.jar;C:\Users\Armagan\.m2\repository\commons-io\commons-io\2.6\commons-io-2.6.jar;C:\Users\Armagan\.m2\repository\commons-lang\commons-lang\2.6\commons-lang-2.6.jar;C:\Users\Armagan\.m2\repository\com\google\protobuf\protobuf-java\3.7.0\protobuf-java-3.7.0.jar;C:\Users\Armagan\.m2\repository\com\google\guava\guava\24.0-jre\guava-24.0-jre.jar;C:\Users\Armagan\.m2\repository\com\google\code\findbugs\jsr305\1.3.9\jsr305-1.3.9.jar;C:\Users\Armagan\.m2\repository\org\checkerframework\checker-compat-qual\2.0.0\checker-compat-qual-2.0.0.jar;C:\Users\Armagan\.m2\repository\com\google\errorprone\error_prone_annotations\2.1.3\error_prone_annotations-2.1.3.jar;C:\Users\Armagan\.m2\repository\com\google\j2objc\j2objc-annotations\1.1\j2objc-annotations-1.1.jar;C:\Users\Armagan\.m2\repository\org\codehaus\mojo\animal-sniffer-annotations\1.14\animal-sniffer-annotations-1.14.jar;C:\Users\Armagan\.m2\repository\io\grpc\grpc-netty-shaded\1.13.1\grpc-netty-shaded-1.13.1.jar;C:\Users\Armagan\.m2\repository\io\grpc\grpc-core\1.13.1\grpc-core-1.13.1.jar;C:\Users\Armagan\.m2\repository\io\grpc\grpc-context\1.13.1\grpc-context-1.13.1.jar;C:\Users\Armagan\.m2\repository\io\opencensus\opencensus-api\0.12.3\opencensus-api-0.12.3.jar;C:\Users\Armagan\.m2\repository\io\opencensus\opencensus-contrib-grpc-metrics\0.12.3\opencensus-contrib-grpc-metrics-0.12.3.jar;C:\Users\Armagan\.m2\repository\io\grpc\grpc-protobuf\1.13.1\grpc-protobuf-1.13.1.jar;C:\Users\Armagan\.m2\repository\com\google\api\grpc\proto-google-common-protos\1.0.0\proto-google-common-protos-1.0.0.jar;C:\Users\Armagan\.m2\repository\io\grpc\grpc-protobuf-lite\1.13.1\grpc-protobuf-lite-1.13.1.jar;C:\Users\Armagan\.m2\repository\io\grpc\grpc-stub\1.13.1\grpc-stub-1.13.1.jar;C:\Users\Armagan\.m2\repository\javax\annotation\javax.annotation-api\1.3.2\javax.annotation-api-1.3.2.jar;C:\Users\Armagan\.m2\repository\org\assertj\assertj-core\3.10.0\assertj-core-3.10.0.jar;C:\Users\Armagan\.m2\repository\org\seleniumhq\selenium\selenium-java\3.12.0\selenium-java-3.12.0.jar;C:\Users\Armagan\.m2\repository\org\seleniumhq\selenium\selenium-api\3.12.0\selenium-api-3.12.0.jar;C:\Users\Armagan\.m2\repository\org\seleniumhq\selenium\selenium-chrome-driver\3.12.0\selenium-chrome-driver-3.12.0.jar;C:\Users\Armagan\.m2\repository\org\seleniumhq\selenium\selenium-edge-driver\3.12.0\selenium-edge-driver-3.12.0.jar;C:\Users\Armagan\.m2\repository\org\seleniumhq\selenium\selenium-firefox-driver\3.12.0\selenium-firefox-driver-3.12.0.jar;C:\Users\Armagan\.m2\repository\org\seleniumhq\selenium\selenium-ie-driver\3.12.0\selenium-ie-driver-3.12.0.jar;C:\Users\Armagan\.m2\repository\org\seleniumhq\selenium\selenium-opera-driver\3.12.0\selenium-opera-driver-3.12.0.jar;C:\Users\Armagan\.m2\repository\org\seleniumhq\selenium\selenium-remote-driver\3.12.0\selenium-remote-driver-3.12.0.jar;C:\Users\Armagan\.m2\repository\org\seleniumhq\selenium\selenium-safari-driver\3.12.0\selenium-safari-driver-3.12.0.jar;C:\Users\Armagan\.m2\repository\org\seleniumhq\selenium\selenium-support\3.12.0\selenium-support-3.12.0.jar;C:\Users\Armagan\.m2\repository\net\bytebuddy\byte-buddy\1.8.3\byte-buddy-1.8.3.jar;C:\Users\Armagan\.m2\repository\org\apache\commons\commons-exec\1.3\commons-exec-1.3.jar;C:\Users\Armagan\.m2\repository\commons-codec\commons-codec\1.10\commons-codec-1.10.jar;C:\Users\Armagan\.m2\repository\commons-logging\commons-logging\1.2\commons-logging-1.2.jar;C:\Users\Armagan\.m2\repository\com\google\code\gson\gson\2.8.2\gson-2.8.2.jar;C:\Users\Armagan\.m2\repository\org\apache\httpcomponents\httpclient\4.5.3\httpclient-4.5.3.jar;C:\Users\Armagan\.m2\repository\org\apache\httpcomponents\httpcore\4.4.6\httpcore-4.4.6.jar;C:\Users\Armagan\.m2\repository\com\squareup\okhttp3\okhttp\3.9.1\okhttp-3.9.1.jar;C:\Users\Armagan\.m2\repository\com\squareup\okio\okio\1.13.0\okio-1.13.0.jar;C:\Users\Armagan\.m2\repository\io\github\bonigarcia\webdrivermanager\3.7.1\webdrivermanager-3.7.1.jar;C:\Users\Armagan\.m2\repository\org\apache\commons\commons-lang3\3.8.1\commons-lang3-3.8.1.jar;C:\Users\Armagan\.m2\repository\org\rauschig\jarchivelib\1.0.0\jarchivelib-1.0.0.jar;C:\Users\Armagan\.m2\repository\org\apache\commons\commons-compress\1.18\commons-compress-1.18.jar;C:\Users\Armagan\.m2\repository\org\jsoup\jsoup\1.11.3\jsoup-1.11.3.jar;C:\Users\Armagan\.m2\repository\io\appium\java-client\3.4.1\java-client-3.4.1.jar;C:\Users\Armagan\.m2\repository\cglib\cglib\3.2.1\cglib-3.2.1.jar;C:\Users\Armagan\.m2\repository\org\ow2\asm\asm\5.0.3\asm-5.0.3.jar;C:\Users\Armagan\.m2\repository\org\apache\ant\ant\1.9.4\ant-1.9.4.jar;C:\Users\Armagan\.m2\repository\org\apache\ant\ant-launcher\1.9.4\ant-launcher-1.9.4.jar;C:\Users\Armagan\.m2\repository\commons-validator\commons-validator\1.5.0\commons-validator-1.5.0.jar;C:\Users\Armagan\.m2\repository\commons-beanutils\commons-beanutils\1.9.2\commons-beanutils-1.9.2.jar;C:\Users\Armagan\.m2\repository\commons-digester\commons-digester\1.8.1\commons-digester-1.8.1.jar;C:\Users\Armagan\.m2\repository\commons-collections\commons-collections\3.2.2\commons-collections-3.2.2.jar;C:\Users\Armagan\.m2\repository\org\reflections\reflections\0.9.10\reflections-0.9.10.jar;C:\Users\Armagan\.m2\repository\org\javassist\javassist\3.19.0-GA\javassist-3.19.0-GA.jar;C:\Users\Armagan\.m2\repository\com\google\code\findbugs\annotations\2.0.1\annotations-2.0.1.jar
02-06-2021 23:04:13.873 [Gauge] [DEBUG] Established connection to runner.
02-06-2021 23:04:13.873 [Gauge] [DEBUG] Validation started.
02-06-2021 23:04:14.076 [Gauge] [DEBUG] Checking updates...
02-06-2021 23:04:14.077 [Gauge] [DEBUG] Downloading https://downloads.gauge.org/plugin/html-report?l=java&p=html-report,java,screenshot,spectacle,xml-report&o=windows&a=amd64
02-06-2021 23:04:14.676 [Gauge] [DEBUG] Downloading https://downloads.gauge.org/plugin/java?l=java&p=html-report,java,screenshot,spectacle,xml-report&o=windows&a=amd64
02-06-2021 23:04:14.849 [Gauge] [DEBUG] Downloading https://downloads.gauge.org/plugin/screenshot?l=java&p=html-report,java,screenshot,spectacle,xml-report&o=windows&a=amd64
02-06-2021 23:04:15.029 [Gauge] [DEBUG] Downloading https://downloads.gauge.org/plugin/spectacle?l=java&p=html-report,java,screenshot,spectacle,xml-report&o=windows&a=amd64
02-06-2021 23:04:15.214 [Gauge] [DEBUG] Downloading https://downloads.gauge.org/plugin/xml-report?l=java&p=html-report,java,screenshot,spectacle,xml-report&o=windows&a=amd64
02-06-2021 23:04:17.287 [Gauge] [DEBUG] Api Request Received: messageType:GetStepValueRequest messageId:4 stepValueRequest:<stepText:"Cookie onayla" > 
02-06-2021 23:04:17.287 [Gauge] [DEBUG] Sending API response: messageType:GetStepValueResponse messageId:4 stepValueResponse:<stepValue:<stepValue:"Cookie onayla" parameterizedStepValue:"Cookie onayla" > > 
02-06-2021 23:04:17.294 [Gauge] [DEBUG] Api Request Received: messageType:GetStepValueRequest messageId:4 stepValueRequest:<stepText:"Devam et" > 
02-06-2021 23:04:17.294 [Gauge] [DEBUG] Sending API response: messageType:GetStepValueResponse messageId:4 stepValueResponse:<stepValue:<stepValue:"Devam et" parameterizedStepValue:"Devam et" > > 
02-06-2021 23:04:17.295 [Gauge] [DEBUG] Api Request Received: messageType:GetStepValueRequest messageId:4 stepValueRequest:<stepText:"<value>From se\303\247" > 
02-06-2021 23:04:17.295 [Gauge] [DEBUG] Sending API response: messageType:GetStepValueResponse messageId:4 stepValueResponse:<stepValue:<stepValue:"{}From se\303\247" parameterizedStepValue:"<value>From se\303\247" parameters:"value" > > 
02-06-2021 23:04:17.296 [Gauge] [DEBUG] Api Request Received: messageType:GetStepValueRequest messageId:4 stepValueRequest:<stepText:"<value>To se\303\247" > 
02-06-2021 23:04:17.296 [Gauge] [DEBUG] Sending API response: messageType:GetStepValueResponse messageId:4 stepValueResponse:<stepValue:<stepValue:"{}To se\303\247" parameterizedStepValue:"<value>To se\303\247" parameters:"value" > > 
02-06-2021 23:04:17.297 [Gauge] [DEBUG] Api Request Received: messageType:GetStepValueRequest messageId:4 stepValueRequest:<stepText:"Tarih ayarla" > 
02-06-2021 23:04:17.297 [Gauge] [DEBUG] Sending API response: messageType:GetStepValueResponse messageId:4 stepValueResponse:<stepValue:<stepValue:"Tarih ayarla" parameterizedStepValue:"Tarih ayarla" > > 
02-06-2021 23:04:17.297 [Gauge] [DEBUG] Api Request Received: messageType:GetStepValueRequest messageId:4 stepValueRequest:<stepText:"<seconds> saniye bekle" > 
02-06-2021 23:04:17.297 [Gauge] [DEBUG] Sending API response: messageType:GetStepValueResponse messageId:4 stepValueResponse:<stepValue:<stepValue:"{} saniye bekle" parameterizedStepValue:"<seconds> saniye bekle" parameters:"seconds" > > 
02-06-2021 23:04:17.297 [Gauge] [DEBUG] Api Request Received: messageType:GetStepValueRequest messageId:4 stepValueRequest:<stepText:"buttona t\304\261kla" > 
02-06-2021 23:04:17.297 [Gauge] [DEBUG] Sending API response: messageType:GetStepValueResponse messageId:4 stepValueResponse:<stepValue:<stepValue:"buttona t\304\261kla" parameterizedStepValue:"buttona t\304\261kla" > > 
02-06-2021 23:04:17.298 [Gauge] [DEBUG] Api Request Received: messageType:GetStepValueRequest messageId:4 stepValueRequest:<stepText:"ekonomik clas se\303\247" > 
02-06-2021 23:04:17.298 [Gauge] [DEBUG] Sending API response: messageType:GetStepValueResponse messageId:4 stepValueResponse:<stepValue:<stepValue:"ekonomik clas se\303\247" parameterizedStepValue:"ekonomik clas se\303\247" > > 
02-06-2021 23:04:17.298 [Gauge] [DEBUG] Api Request Received: messageType:GetStepValueRequest messageId:4 stepValueRequest:<stepText:"Tek Y\303\266n Se\303\247" > 
02-06-2021 23:04:17.298 [Gauge] [DEBUG] Sending API response: messageType:GetStepValueResponse messageId:4 stepValueResponse:<stepValue:<stepValue:"Tek Y\303\266n Se\303\247" parameterizedStepValue:"Tek Y\303\266n Se\303\247" > > 
02-06-2021 23:04:17.298 [Gauge] [DEBUG] Api Request Received: messageType:GetStepValueRequest messageId:4 stepValueRequest:<stepText:"Ki\305\237i sayisi ayarla" > 
02-06-2021 23:04:17.298 [Gauge] [DEBUG] Sending API response: messageType:GetStepValueResponse messageId:4 stepValueResponse:<stepValue:<stepValue:"Ki\305\237i sayisi ayarla" parameterizedStepValue:"Ki\305\237i sayisi ayarla" > > 
02-06-2021 23:04:17.298 [Gauge] [DEBUG] Api Request Received: messageType:GetStepValueRequest messageId:4 stepValueRequest:<stepText:"U\303\247u\305\237 ara" > 
02-06-2021 23:04:17.298 [Gauge] [DEBUG] Sending API response: messageType:GetStepValueResponse messageId:4 stepValueResponse:<stepValue:<stepValue:"U\303\247u\305\237 ara" parameterizedStepValue:"U\303\247u\305\237 ara" > > 
02-06-2021 23:04:17.299 [Gauge] [DEBUG] Api Request Received: messageType:GetStepValueRequest messageId:4 stepValueRequest:<stepText:"U\303\247u\305\237 se\303\247" > 
02-06-2021 23:04:17.299 [Gauge] [DEBUG] Sending API response: messageType:GetStepValueResponse messageId:4 stepValueResponse:<stepValue:<stepValue:"U\303\247u\305\237 se\303\247" parameterizedStepValue:"U\303\247u\305\237 se\303\247" > > 
02-06-2021 23:04:17.299 [Gauge] [DEBUG] Api Request Received: messageType:GetStepValueRequest messageId:4 stepValueRequest:<stepText:"Lokasyon onayla" > 
02-06-2021 23:04:17.299 [Gauge] [DEBUG] Sending API response: messageType:GetStepValueResponse messageId:4 stepValueResponse:<stepValue:<stepValue:"Lokasyon onayla" parameterizedStepValue:"Lokasyon onayla" > > 
02-06-2021 23:04:22.074 [Gauge] [DEBUG] Validation completed.
02-06-2021 23:04:22.076 [Gauge] [DEBUG] Run started
02-06-2021 23:04:22.079 [Gauge] [DEBUG] Starting Html Report plugin
02-06-2021 23:04:22.166 [Gauge] [DEBUG] Attempting to connect to grpc server at port: 56981
02-06-2021 23:04:22.173 [Gauge] [DEBUG] Successfully made the connection with plugin with port: 56981
02-06-2021 23:04:22.174 [Gauge] [DEBUG] Initialising suite data store.
02-06-2021 23:09:31.046 [Gauge] [DEBUG] Created gauge_screenshots_dir at C:\Users\Armagan\IdeaProjects\ThyOtomasyon\.gauge\screenshots
02-06-2021 23:09:31.051 [Gauge] [DEBUG] Plugin java is already installed.
02-06-2021 23:09:31.053 [Gauge] [DEBUG] Plugin html-report is already installed.
02-06-2021 23:09:31.054 [Gauge] [DEBUG] Parsing started.
02-06-2021 23:09:31.054 [Gauge] [DEBUG] Started concepts parsing.
02-06-2021 23:09:31.059 [Gauge] [DEBUG] 8 concepts parsing completed.
02-06-2021 23:09:31.059 [Gauge] [DEBUG] Started specifications parsing.
02-06-2021 23:09:31.061 [Gauge] [DEBUG] 1 specifications parsing completed.
02-06-2021 23:09:31.061 [Gauge] [DEBUG] Parsing completed.
02-06-2021 23:09:31.064 [Gauge] [DEBUG] Staring java runner
02-06-2021 23:09:31.094 [java] [DEBUG] classpath set to C:\Program Files\Java\jdk1.8.0_291\jre\lib\charsets.jar;C:\Program Files\Java\jdk1.8.0_291\jre\lib\deploy.jar;C:\Program Files\Java\jdk1.8.0_291\jre\lib\ext\access-bridge-64.jar;C:\Program Files\Java\jdk1.8.0_291\jre\lib\ext\cldrdata.jar;C:\Program Files\Java\jdk1.8.0_291\jre\lib\ext\dnsns.jar;C:\Program Files\Java\jdk1.8.0_291\jre\lib\ext\jaccess.jar;C:\Program Files\Java\jdk1.8.0_291\jre\lib\ext\jfxrt.jar;C:\Program Files\Java\jdk1.8.0_291\jre\lib\ext\localedata.jar;C:\Program Files\Java\jdk1.8.0_291\jre\lib\ext\nashorn.jar;C:\Program Files\Java\jdk1.8.0_291\jre\lib\ext\sunec.jar;C:\Program Files\Java\jdk1.8.0_291\jre\lib\ext\sunjce_provider.jar;C:\Program Files\Java\jdk1.8.0_291\jre\lib\ext\sunmscapi.jar;C:\Program Files\Java\jdk1.8.0_291\jre\lib\ext\sunpkcs11.jar;C:\Program Files\Java\jdk1.8.0_291\jre\lib\ext\zipfs.jar;C:\Program Files\Java\jdk1.8.0_291\jre\lib\javaws.jar;C:\Program Files\Java\jdk1.8.0_291\jre\lib\jce.jar;C:\Program Files\Java\jdk1.8.0_291\jre\lib\jfr.jar;C:\Program Files\Java\jdk1.8.0_291\jre\lib\jfxswt.jar;C:\Program Files\Java\jdk1.8.0_291\jre\lib\jsse.jar;C:\Program Files\Java\jdk1.8.0_291\jre\lib\management-agent.jar;C:\Program Files\Java\jdk1.8.0_291\jre\lib\plugin.jar;C:\Program Files\Java\jdk1.8.0_291\jre\lib\resources.jar;C:\Program Files\Java\jdk1.8.0_291\jre\lib\rt.jar;C:\Users\Armagan\IdeaProjects\ThyOtomasyon\target\test-classes;C:\Users\Armagan\.m2\repository\com\jayway\jsonpath\json-path\2.5.0\json-path-2.5.0.jar;C:\Users\Armagan\.m2\repository\net\minidev\json-smart\2.3\json-smart-2.3.jar;C:\Users\Armagan\.m2\repository\net\minidev\accessors-smart\1.2\accessors-smart-1.2.jar;C:\Users\Armagan\.m2\repository\org\slf4j\slf4j-api\1.7.30\slf4j-api-1.7.30.jar;C:\Users\Armagan\.m2\repository\com\googlecode\json-simple\json-simple\1.1.1\json-simple-1.1.1.jar;C:\Users\Armagan\.m2\repository\junit\junit\4.10\junit-4.10.jar;C:\Users\Armagan\.m2\repository\org\hamcrest\hamcrest-core\1.1\hamcrest-core-1.1.jar;C:\Users\Armagan\.m2\repository\com\thoughtworks\gauge\gauge-java\0.7.2\gauge-java-0.7.2.jar;C:\Users\Armagan\.m2\repository\com\github\javaparser\javaparser-core\2.5.1\javaparser-core-2.5.1.jar;C:\Users\Armagan\.m2\repository\commons-io\commons-io\2.6\commons-io-2.6.jar;C:\Users\Armagan\.m2\repository\commons-lang\commons-lang\2.6\commons-lang-2.6.jar;C:\Users\Armagan\.m2\repository\com\google\protobuf\protobuf-java\3.7.0\protobuf-java-3.7.0.jar;C:\Users\Armagan\.m2\repository\com\google\guava\guava\24.0-jre\guava-24.0-jre.jar;C:\Users\Armagan\.m2\repository\com\google\code\findbugs\jsr305\1.3.9\jsr305-1.3.9.jar;C:\Users\Armagan\.m2\repository\org\checkerframework\checker-compat-qual\2.0.0\checker-compat-qual-2.0.0.jar;C:\Users\Armagan\.m2\repository\com\google\errorprone\error_prone_annotations\2.1.3\error_prone_annotations-2.1.3.jar;C:\Users\Armagan\.m2\repository\com\google\j2objc\j2objc-annotations\1.1\j2objc-annotations-1.1.jar;C:\Users\Armagan\.m2\repository\org\codehaus\mojo\animal-sniffer-annotations\1.14\animal-sniffer-annotations-1.14.jar;C:\Users\Armagan\.m2\repository\io\grpc\grpc-netty-shaded\1.13.1\grpc-netty-shaded-1.13.1.jar;C:\Users\Armagan\.m2\repository\io\grpc\grpc-core\1.13.1\grpc-core-1.13.1.jar;C:\Users\Armagan\.m2\repository\io\grpc\grpc-context\1.13.1\grpc-context-1.13.1.jar;C:\Users\Armagan\.m2\repository\io\opencensus\opencensus-api\0.12.3\opencensus-api-0.12.3.jar;C:\Users\Armagan\.m2\repository\io\opencensus\opencensus-contrib-grpc-metrics\0.12.3\opencensus-contrib-grpc-metrics-0.12.3.jar;C:\Users\Armagan\.m2\repository\io\grpc\grpc-protobuf\1.13.1\grpc-protobuf-1.13.1.jar;C:\Users\Armagan\.m2\repository\com\google\api\grpc\proto-google-common-protos\1.0.0\proto-google-common-protos-1.0.0.jar;C:\Users\Armagan\.m2\repository\io\grpc\grpc-protobuf-lite\1.13.1\grpc-protobuf-lite-1.13.1.jar;C:\Users\Armagan\.m2\repository\io\grpc\grpc-stub\1.13.1\grpc-stub-1.13.1.jar;C:\Users\Armagan\.m2\repository\javax\annotation\javax.annotation-api\1.3.2\javax.annotation-api-1.3.2.jar;C:\Users\Armagan\.m2\repository\org\assertj\assertj-core\3.10.0\assertj-core-3.10.0.jar;C:\Users\Armagan\.m2\repository\org\seleniumhq\selenium\selenium-java\3.12.0\selenium-java-3.12.0.jar;C:\Users\Armagan\.m2\repository\org\seleniumhq\selenium\selenium-api\3.12.0\selenium-api-3.12.0.jar;C:\Users\Armagan\.m2\repository\org\seleniumhq\selenium\selenium-chrome-driver\3.12.0\selenium-chrome-driver-3.12.0.jar;C:\Users\Armagan\.m2\repository\org\seleniumhq\selenium\selenium-edge-driver\3.12.0\selenium-edge-driver-3.12.0.jar;C:\Users\Armagan\.m2\repository\org\seleniumhq\selenium\selenium-firefox-driver\3.12.0\selenium-firefox-driver-3.12.0.jar;C:\Users\Armagan\.m2\repository\org\seleniumhq\selenium\selenium-ie-driver\3.12.0\selenium-ie-driver-3.12.0.jar;C:\Users\Armagan\.m2\repository\org\seleniumhq\selenium\selenium-opera-driver\3.12.0\selenium-opera-driver-3.12.0.jar;C:\Users\Armagan\.m2\repository\org\seleniumhq\selenium\selenium-remote-driver\3.12.0\selenium-remote-driver-3.12.0.jar;C:\Users\Armagan\.m2\repository\org\seleniumhq\selenium\selenium-safari-driver\3.12.0\selenium-safari-driver-3.12.0.jar;C:\Users\Armagan\.m2\repository\org\seleniumhq\selenium\selenium-support\3.12.0\selenium-support-3.12.0.jar;C:\Users\Armagan\.m2\repository\net\bytebuddy\byte-buddy\1.8.3\byte-buddy-1.8.3.jar;C:\Users\Armagan\.m2\repository\org\apache\commons\commons-exec\1.3\commons-exec-1.3.jar;C:\Users\Armagan\.m2\repository\commons-codec\commons-codec\1.10\commons-codec-1.10.jar;C:\Users\Armagan\.m2\repository\commons-logging\commons-logging\1.2\commons-logging-1.2.jar;C:\Users\Armagan\.m2\repository\com\google\code\gson\gson\2.8.2\gson-2.8.2.jar;C:\Users\Armagan\.m2\repository\org\apache\httpcomponents\httpclient\4.5.3\httpclient-4.5.3.jar;C:\Users\Armagan\.m2\repository\org\apache\httpcomponents\httpcore\4.4.6\httpcore-4.4.6.jar;C:\Users\Armagan\.m2\repository\com\squareup\okhttp3\okhttp\3.9.1\okhttp-3.9.1.jar;C:\Users\Armagan\.m2\repository\com\squareup\okio\okio\1.13.0\okio-1.13.0.jar;C:\Users\Armagan\.m2\repository\io\github\bonigarcia\webdrivermanager\3.7.1\webdrivermanager-3.7.1.jar;C:\Users\Armagan\.m2\repository\org\apache\commons\commons-lang3\3.8.1\commons-lang3-3.8.1.jar;C:\Users\Armagan\.m2\repository\org\rauschig\jarchivelib\1.0.0\jarchivelib-1.0.0.jar;C:\Users\Armagan\.m2\repository\org\apache\commons\commons-compress\1.18\commons-compress-1.18.jar;C:\Users\Armagan\.m2\repository\org\jsoup\jsoup\1.11.3\jsoup-1.11.3.jar;C:\Users\Armagan\.m2\repository\io\appium\java-client\3.4.1\java-client-3.4.1.jar;C:\Users\Armagan\.m2\repository\cglib\cglib\3.2.1\cglib-3.2.1.jar;C:\Users\Armagan\.m2\repository\org\ow2\asm\asm\5.0.3\asm-5.0.3.jar;C:\Users\Armagan\.m2\repository\org\apache\ant\ant\1.9.4\ant-1.9.4.jar;C:\Users\Armagan\.m2\repository\org\apache\ant\ant-launcher\1.9.4\ant-launcher-1.9.4.jar;C:\Users\Armagan\.m2\repository\commons-validator\commons-validator\1.5.0\commons-validator-1.5.0.jar;C:\Users\Armagan\.m2\repository\commons-beanutils\commons-beanutils\1.9.2\commons-beanutils-1.9.2.jar;C:\Users\Armagan\.m2\repository\commons-digester\commons-digester\1.8.1\commons-digester-1.8.1.jar;C:\Users\Armagan\.m2\repository\commons-collections\commons-collections\3.2.2\commons-collections-3.2.2.jar;C:\Users\Armagan\.m2\repository\org\reflections\reflections\0.9.10\reflections-0.9.10.jar;C:\Users\Armagan\.m2\repository\org\javassist\javassist\3.19.0-GA\javassist-3.19.0-GA.jar;C:\Users\Armagan\.m2\repository\com\google\code\findbugs\annotations\2.0.1\annotations-2.0.1.jar
02-06-2021 23:09:31.370 [Gauge] [DEBUG] Established connection to runner.
02-06-2021 23:09:31.370 [Gauge] [DEBUG] Validation started.
02-06-2021 23:09:31.559 [Gauge] [DEBUG] Checking updates...
02-06-2021 23:09:31.567 [Gauge] [DEBUG] Downloading https://downloads.gauge.org/plugin/html-report?l=java&p=html-report,java,screenshot,spectacle,xml-report&o=windows&a=amd64
02-06-2021 23:09:32.160 [Gauge] [DEBUG] Downloading https://downloads.gauge.org/plugin/java?l=java&p=html-report,java,screenshot,spectacle,xml-report&o=windows&a=amd64
02-06-2021 23:09:32.405 [Gauge] [DEBUG] Downloading https://downloads.gauge.org/plugin/screenshot?l=java&p=html-report,java,screenshot,spectacle,xml-report&o=windows&a=amd64
02-06-2021 23:09:32.605 [Gauge] [DEBUG] Downloading https://downloads.gauge.org/plugin/spectacle?l=java&p=html-report,java,screenshot,spectacle,xml-report&o=windows&a=amd64
02-06-2021 23:09:32.829 [Gauge] [DEBUG] Downloading https://downloads.gauge.org/plugin/xml-report?l=java&p=html-report,java,screenshot,spectacle,xml-report&o=windows&a=amd64
02-06-2021 23:09:35.607 [Gauge] [DEBUG] Api Request Received: messageType:GetStepValueRequest messageId:4 stepValueRequest:<stepText:"Devam et" > 
02-06-2021 23:09:35.607 [Gauge] [DEBUG] Sending API response: messageType:GetStepValueResponse messageId:4 stepValueResponse:<stepValue:<stepValue:"Devam et" parameterizedStepValue:"Devam et" > > 
02-06-2021 23:09:35.617 [Gauge] [DEBUG] Api Request Received: messageType:GetStepValueRequest messageId:4 stepValueRequest:<stepText:"<value>From se\303\247" > 
02-06-2021 23:09:35.617 [Gauge] [DEBUG] Sending API response: messageType:GetStepValueResponse messageId:4 stepValueResponse:<stepValue:<stepValue:"{}From se\303\247" parameterizedStepValue:"<value>From se\303\247" parameters:"value" > > 
02-06-2021 23:09:35.618 [Gauge] [DEBUG] Api Request Received: messageType:GetStepValueRequest messageId:4 stepValueRequest:<stepText:"<value>To se\303\247" > 
02-06-2021 23:09:35.618 [Gauge] [DEBUG] Sending API response: messageType:GetStepValueResponse messageId:4 stepValueResponse:<stepValue:<stepValue:"{}To se\303\247" parameterizedStepValue:"<value>To se\303\247" parameters:"value" > > 
02-06-2021 23:09:35.619 [Gauge] [DEBUG] Api Request Received: messageType:GetStepValueRequest messageId:4 stepValueRequest:<stepText:"Tarih ayarla" > 
02-06-2021 23:09:35.619 [Gauge] [DEBUG] Sending API response: messageType:GetStepValueResponse messageId:4 stepValueResponse:<stepValue:<stepValue:"Tarih ayarla" parameterizedStepValue:"Tarih ayarla" > > 
02-06-2021 23:09:35.619 [Gauge] [DEBUG] Api Request Received: messageType:GetStepValueRequest messageId:4 stepValueRequest:<stepText:"<seconds> saniye bekle" > 
02-06-2021 23:09:35.619 [Gauge] [DEBUG] Sending API response: messageType:GetStepValueResponse messageId:4 stepValueResponse:<stepValue:<stepValue:"{} saniye bekle" parameterizedStepValue:"<seconds> saniye bekle" parameters:"seconds" > > 
02-06-2021 23:09:35.619 [Gauge] [DEBUG] Api Request Received: messageType:GetStepValueRequest messageId:4 stepValueRequest:<stepText:"Cerez Onayla" > 
02-06-2021 23:09:35.619 [Gauge] [DEBUG] Sending API response: messageType:GetStepValueResponse messageId:4 stepValueResponse:<stepValue:<stepValue:"Cerez Onayla" parameterizedStepValue:"Cerez Onayla" > > 
02-06-2021 23:09:35.619 [Gauge] [DEBUG] Api Request Received: messageType:GetStepValueRequest messageId:4 stepValueRequest:<stepText:"buttona t\304\261kla" > 
02-06-2021 23:09:35.619 [Gauge] [DEBUG] Sending API response: messageType:GetStepValueResponse messageId:4 stepValueResponse:<stepValue:<stepValue:"buttona t\304\261kla" parameterizedStepValue:"buttona t\304\261kla" > > 
02-06-2021 23:09:35.620 [Gauge] [DEBUG] Api Request Received: messageType:GetStepValueRequest messageId:4 stepValueRequest:<stepText:"ekonomik clas se\303\247" > 
02-06-2021 23:09:35.620 [Gauge] [DEBUG] Sending API response: messageType:GetStepValueResponse messageId:4 stepValueResponse:<stepValue:<stepValue:"ekonomik clas se\303\247" parameterizedStepValue:"ekonomik clas se\303\247" > > 
02-06-2021 23:09:35.621 [Gauge] [DEBUG] Api Request Received: messageType:GetStepValueRequest messageId:4 stepValueRequest:<stepText:"Tek Y\303\266n Se\303\247" > 
02-06-2021 23:09:35.621 [Gauge] [DEBUG] Sending API response: messageType:GetStepValueResponse messageId:4 stepValueResponse:<stepValue:<stepValue:"Tek Y\303\266n Se\303\247" parameterizedStepValue:"Tek Y\303\266n Se\303\247" > > 
02-06-2021 23:09:35.621 [Gauge] [DEBUG] Api Request Received: messageType:GetStepValueRequest messageId:4 stepValueRequest:<stepText:"Konum Paylas\304\261mi Onayla" > 
02-06-2021 23:09:35.621 [Gauge] [DEBUG] Sending API response: messageType:GetStepValueResponse messageId:4 stepValueResponse:<stepValue:<stepValue:"Konum Paylas\304\261mi Onayla" parameterizedStepValue:"Konum Paylas\304\261mi Onayla" > > 
02-06-2021 23:09:35.621 [Gauge] [DEBUG] Api Request Received: messageType:GetStepValueRequest messageId:4 stepValueRequest:<stepText:"Ki\305\237i sayisi ayarla" > 
02-06-2021 23:09:35.621 [Gauge] [DEBUG] Sending API response: messageType:GetStepValueResponse messageId:4 stepValueResponse:<stepValue:<stepValue:"Ki\305\237i sayisi ayarla" parameterizedStepValue:"Ki\305\237i sayisi ayarla" > > 
02-06-2021 23:09:35.621 [Gauge] [DEBUG] Api Request Received: messageType:GetStepValueRequest messageId:4 stepValueRequest:<stepText:"U\303\247u\305\237 ara" > 
02-06-2021 23:09:35.621 [Gauge] [DEBUG] Sending API response: messageType:GetStepValueResponse messageId:4 stepValueResponse:<stepValue:<stepValue:"U\303\247u\305\237 ara" parameterizedStepValue:"U\303\247u\305\237 ara" > > 
02-06-2021 23:09:35.622 [Gauge] [DEBUG] Api Request Received: messageType:GetStepValueRequest messageId:4 stepValueRequest:<stepText:"U\303\247u\305\237 se\303\247" > 
02-06-2021 23:09:35.622 [Gauge] [DEBUG] Sending API response: messageType:GetStepValueResponse messageId:4 stepValueResponse:<stepValue:<stepValue:"U\303\247u\305\237 se\303\247" parameterizedStepValue:"U\303\247u\305\237 se\303\247" > > 
02-06-2021 23:09:37.963 [Gauge] [DEBUG] Validation completed.
02-06-2021 23:09:37.965 [Gauge] [DEBUG] Run started
02-06-2021 23:09:37.967 [Gauge] [DEBUG] Starting Html Report plugin
02-06-2021 23:09:37.990 [Gauge] [DEBUG] Attempting to connect to grpc server at port: 57189
02-06-2021 23:09:37.994 [Gauge] [DEBUG] Successfully made the connection with plugin with port: 57189
02-06-2021 23:09:37.994 [Gauge] [DEBUG] Initialising suite data store.
02-06-2021 23:11:01.750 [html-report] [DEBUG] Transformed SuiteResult to report structure
02-06-2021 23:11:01.840 [Gauge] [DEBUG] Sending kill message to Html Report plugin.
02-06-2021 23:11:01.841 [html-report] [INFO] Successfully generated html-report to => C:\Users\Armagan\IdeaProjects\ThyOtomasyon\reports\html-report\index.html
02-06-2021 23:11:01.841 [html-report] [DEBUG] Done generating HTML report using theme from C:\Users\Armagan\AppData\Roaming\gauge\plugins\html-report\4.0.9\themes\default
02-06-2021 23:11:01.851 [Gauge] [DEBUG] Sending kill message to runner.
02-06-2021 23:11:01.924 [Gauge] [INFO] Closing connection [127.0.0.1:57181] cause: read tcp 127.0.0.1:57177->127.0.0.1:57181: wsarecv: Varolan bir bağlantı uzaktaki bir ana bilgisayar tarafından zorla kapatıldı.
02-06-2021 23:11:02.255 [Gauge] [DEBUG] Runner with PID:12884 has exited
02-06-2021 23:11:02.266 [Gauge] [INFO] Specifications:	1 executed	1 passed	0 failed	0 skipped
02-06-2021 23:11:02.266 [Gauge] [INFO] Scenarios:	1 executed	1 passed	0 failed	0 skipped
02-06-2021 23:11:02.267 [Gauge] [INFO] 
Total time taken: 1m23.77s
02-06-2021 23:11:02.291 [Gauge] [INFO] Updates are available. Run `gauge update -c` for more info.
